Matplotlib created a temporary config/cache directory at /tmp/matplotlib-98celifo because the default path (/home/20/xuanming/.cache/matplotlib) is not a writable directory; it is highly recommended to set the MPLCONFIGDIR environment variable to a writable directory, in particular to speed up the import of Matplotlib and to better support multiprocessing.
Training the model on task 1
Initializing omega values for layer features.8.weight
Initializing omega values for layer features.8.bias
Initializing omega values for layer features.10.weight
Initializing omega values for layer features.10.bias
Initializing omega values for layer classifier.1.weight
Initializing omega values for layer classifier.1.bias
Initializing omega values for layer classifier.4.weight
Initializing omega values for layer classifier.4.bias
Epoch 1/100
--------------------
lr is 0.001
LR is set to 0.001
lr is 0.001
LR is set to 0.001
Train Loss: 0.0044 Train Acc: 0.5177

Epoch 2/100
--------------------
lr is 0.001
lr is 0.001
Train Loss: 0.0034 Train Acc: 0.6126

Epoch 3/100
--------------------
lr is 0.001
lr is 0.001
Train Loss: 0.0032 Train Acc: 0.6473

Epoch 4/100
--------------------
lr is 0.001
lr is 0.001
Train Loss: 0.0030 Train Acc: 0.6649

Epoch 5/100
--------------------
lr is 0.001
lr is 0.001
Train Loss: 0.0029 Train Acc: 0.6749

Epoch 6/100
--------------------
lr is 0.001
lr is 0.001
Train Loss: 0.0028 Train Acc: 0.6929

Epoch 7/100
--------------------
lr is 0.001
lr is 0.001
Train Loss: 0.0028 Train Acc: 0.7028

Epoch 8/100
--------------------
lr is 0.001
lr is 0.001
Train Loss: 0.0027 Train Acc: 0.7104

Epoch 9/100
--------------------
lr is 0.001
lr is 0.001
Train Loss: 0.0026 Train Acc: 0.7212

Epoch 10/100
--------------------
lr is 0.001
lr is 0.001
Train Loss: 0.0026 Train Acc: 0.7258

Epoch 11/100
--------------------
lr is 0.001
lr is 0.001
Train Loss: 0.0025 Train Acc: 0.7385

Epoch 12/100
--------------------
lr is 0.001
lr is 0.001
Train Loss: 0.0025 Train Acc: 0.7443

Epoch 13/100
--------------------
lr is 0.001
lr is 0.001
Train Loss: 0.0024 Train Acc: 0.7503

Epoch 14/100
--------------------
lr is 0.001
lr is 0.001
Train Loss: 0.0023 Train Acc: 0.7644

Epoch 15/100
--------------------
lr is 0.001
lr is 0.001
Train Loss: 0.0023 Train Acc: 0.7686

Epoch 16/100
--------------------
lr is 0.001
lr is 0.001
Train Loss: 0.0022 Train Acc: 0.7769

Epoch 17/100
--------------------
lr is 0.001
lr is 0.001
Train Loss: 0.0022 Train Acc: 0.7807

Epoch 18/100
--------------------
lr is 0.001
lr is 0.001
Train Loss: 0.0021 Train Acc: 0.7882

Epoch 19/100
--------------------
lr is 0.001
lr is 0.001
Train Loss: 0.0021 Train Acc: 0.7893

Epoch 20/100
--------------------
lr is 0.001
lr is 0.001
Train Loss: 0.0021 Train Acc: 0.7963

Epoch 21/100
--------------------
lr is 0.0001
LR is set to 0.0001
lr is 0.0001
LR is set to 0.0001
Train Loss: 0.0020 Train Acc: 0.8041

Epoch 22/100
--------------------
lr is 0.0001
lr is 0.0001
Train Loss: 0.0020 Train Acc: 0.8036

Epoch 23/100
--------------------
lr is 0.0001
lr is 0.0001
Train Loss: 0.0020 Train Acc: 0.8049

Epoch 24/100
--------------------
lr is 0.0001
lr is 0.0001
Train Loss: 0.0020 Train Acc: 0.8057

Epoch 25/100
--------------------
lr is 0.0001
lr is 0.0001
Train Loss: 0.0020 Train Acc: 0.8070

Epoch 26/100
--------------------
lr is 0.0001
lr is 0.0001
Train Loss: 0.0020 Train Acc: 0.8068

Epoch 27/100
--------------------
lr is 0.0001
lr is 0.0001
Train Loss: 0.0020 Train Acc: 0.8064

Epoch 28/100
--------------------
lr is 0.0001
lr is 0.0001
Train Loss: 0.0020 Train Acc: 0.8072

Epoch 29/100
--------------------
lr is 0.0001
lr is 0.0001
Train Loss: 0.0020 Train Acc: 0.8068

Epoch 30/100
--------------------
lr is 0.0001
lr is 0.0001
Train Loss: 0.0020 Train Acc: 0.8074

Epoch 31/100
--------------------
lr is 0.0001
lr is 0.0001
Train Loss: 0.0020 Train Acc: 0.8104

Epoch 32/100
--------------------
lr is 0.0001
lr is 0.0001
Train Loss: 0.0020 Train Acc: 0.8087

Epoch 33/100
--------------------
lr is 0.0001
lr is 0.0001
Train Loss: 0.0019 Train Acc: 0.8119

Epoch 34/100
--------------------
lr is 0.0001
lr is 0.0001
Train Loss: 0.0020 Train Acc: 0.8099

Epoch 35/100
--------------------
lr is 0.0001
lr is 0.0001
Train Loss: 0.0020 Train Acc: 0.8093

Epoch 36/100
--------------------
lr is 0.0001
lr is 0.0001
Train Loss: 0.0020 Train Acc: 0.8080

Epoch 37/100
--------------------
lr is 0.0001
lr is 0.0001
Train Loss: 0.0019 Train Acc: 0.8121

Epoch 38/100
--------------------
lr is 0.0001
lr is 0.0001
Train Loss: 0.0019 Train Acc: 0.8151

Epoch 39/100
--------------------
lr is 0.0001
lr is 0.0001
Train Loss: 0.0019 Train Acc: 0.8117

Epoch 40/100
--------------------
lr is 0.0001
lr is 0.0001
Train Loss: 0.0019 Train Acc: 0.8109

Epoch 41/100
--------------------
lr is 1.0000000000000003e-05
LR is set to 1.0000000000000003e-05
lr is 1.0000000000000003e-05
LR is set to 1.0000000000000003e-05
Train Loss: 0.0019 Train Acc: 0.8131

Epoch 42/100
--------------------
lr is 1.0000000000000003e-05
lr is 1.0000000000000003e-05
Train Loss: 0.0019 Train Acc: 0.8109

Epoch 43/100
--------------------
lr is 1.0000000000000003e-05
lr is 1.0000000000000003e-05
Train Loss: 0.0019 Train Acc: 0.8115

Epoch 44/100
--------------------
lr is 1.0000000000000003e-05
lr is 1.0000000000000003e-05
Train Loss: 0.0019 Train Acc: 0.8111

Epoch 45/100
--------------------
lr is 1.0000000000000003e-05
lr is 1.0000000000000003e-05
Train Loss: 0.0019 Train Acc: 0.8138

Epoch 46/100
--------------------
lr is 1.0000000000000003e-05
lr is 1.0000000000000003e-05
Train Loss: 0.0020 Train Acc: 0.8107

Epoch 47/100
--------------------
lr is 1.0000000000000003e-05
lr is 1.0000000000000003e-05
Train Loss: 0.0019 Train Acc: 0.8136

Epoch 48/100
--------------------
lr is 1.0000000000000003e-05
lr is 1.0000000000000003e-05
Train Loss: 0.0019 Train Acc: 0.8152

Epoch 49/100
--------------------
lr is 1.0000000000000003e-05
lr is 1.0000000000000003e-05
Train Loss: 0.0019 Train Acc: 0.8115

Epoch 50/100
--------------------
lr is 1.0000000000000003e-05
lr is 1.0000000000000003e-05
Train Loss: 0.0019 Train Acc: 0.8118

Epoch 51/100
--------------------
lr is 1.0000000000000003e-05
lr is 1.0000000000000003e-05
Train Loss: 0.0019 Train Acc: 0.8147

Epoch 52/100
--------------------
lr is 1.0000000000000003e-05
lr is 1.0000000000000003e-05
Train Loss: 0.0019 Train Acc: 0.8125

Epoch 53/100
--------------------
lr is 1.0000000000000003e-05
lr is 1.0000000000000003e-05
Train Loss: 0.0019 Train Acc: 0.8155

Epoch 54/100
--------------------
lr is 1.0000000000000003e-05
lr is 1.0000000000000003e-05
Train Loss: 0.0019 Train Acc: 0.8133

Epoch 55/100
--------------------
lr is 1.0000000000000003e-05
lr is 1.0000000000000003e-05
Train Loss: 0.0019 Train Acc: 0.8135

Epoch 56/100
--------------------
lr is 1.0000000000000003e-05
lr is 1.0000000000000003e-05
Train Loss: 0.0020 Train Acc: 0.8090

Epoch 57/100
--------------------
lr is 1.0000000000000003e-05
lr is 1.0000000000000003e-05
Train Loss: 0.0019 Train Acc: 0.8149

Epoch 58/100
--------------------
lr is 1.0000000000000003e-05
lr is 1.0000000000000003e-05
Train Loss: 0.0019 Train Acc: 0.8130

Epoch 59/100
--------------------
lr is 1.0000000000000003e-05
lr is 1.0000000000000003e-05
Train Loss: 0.0019 Train Acc: 0.8140

Epoch 60/100
--------------------
lr is 1.0000000000000003e-05
lr is 1.0000000000000003e-05
Train Loss: 0.0019 Train Acc: 0.8131

Epoch 61/100
--------------------
lr is 1.0000000000000002e-06
LR is set to 1.0000000000000002e-06
lr is 1.0000000000000002e-06
LR is set to 1.0000000000000002e-06
Train Loss: 0.0019 Train Acc: 0.8130

Epoch 62/100
--------------------
lr is 1.0000000000000002e-06
lr is 1.0000000000000002e-06
Train Loss: 0.0019 Train Acc: 0.8133

Epoch 63/100
--------------------
lr is 1.0000000000000002e-06
lr is 1.0000000000000002e-06
Train Loss: 0.0019 Train Acc: 0.8161

Epoch 64/100
--------------------
lr is 1.0000000000000002e-06
lr is 1.0000000000000002e-06
Train Loss: 0.0019 Train Acc: 0.8134

Epoch 65/100
--------------------
lr is 1.0000000000000002e-06
lr is 1.0000000000000002e-06
Train Loss: 0.0019 Train Acc: 0.8155

Epoch 66/100
--------------------
lr is 1.0000000000000002e-06
lr is 1.0000000000000002e-06
Train Loss: 0.0019 Train Acc: 0.8148

Epoch 67/100
--------------------
lr is 1.0000000000000002e-06
lr is 1.0000000000000002e-06
Train Loss: 0.0019 Train Acc: 0.8122

Epoch 68/100
--------------------
lr is 1.0000000000000002e-06
lr is 1.0000000000000002e-06
Train Loss: 0.0019 Train Acc: 0.8121

Epoch 69/100
--------------------
lr is 1.0000000000000002e-06
lr is 1.0000000000000002e-06
Train Loss: 0.0020 Train Acc: 0.8115

Epoch 70/100
--------------------
lr is 1.0000000000000002e-06
lr is 1.0000000000000002e-06
Train Loss: 0.0019 Train Acc: 0.8119

Epoch 71/100
--------------------
lr is 1.0000000000000002e-06
lr is 1.0000000000000002e-06
Train Loss: 0.0019 Train Acc: 0.8155

Epoch 72/100
--------------------
lr is 1.0000000000000002e-06
lr is 1.0000000000000002e-06
Train Loss: 0.0019 Train Acc: 0.8168

Epoch 73/100
--------------------
lr is 1.0000000000000002e-06
lr is 1.0000000000000002e-06
Train Loss: 0.0019 Train Acc: 0.8139

Epoch 74/100
--------------------
lr is 1.0000000000000002e-06
lr is 1.0000000000000002e-06
Train Loss: 0.0019 Train Acc: 0.8127

Epoch 75/100
--------------------
lr is 1.0000000000000002e-06
lr is 1.0000000000000002e-06
Train Loss: 0.0019 Train Acc: 0.8102

Epoch 76/100
--------------------
lr is 1.0000000000000002e-06
lr is 1.0000000000000002e-06
Train Loss: 0.0019 Train Acc: 0.8148

Epoch 77/100
--------------------
lr is 1.0000000000000002e-06
lr is 1.0000000000000002e-06
Train Loss: 0.0019 Train Acc: 0.8142

Epoch 78/100
--------------------
lr is 1.0000000000000002e-06
lr is 1.0000000000000002e-06
Train Loss: 0.0019 Train Acc: 0.8125

Epoch 79/100
--------------------
lr is 1.0000000000000002e-06
lr is 1.0000000000000002e-06
Train Loss: 0.0019 Train Acc: 0.8144

Epoch 80/100
--------------------
lr is 1.0000000000000002e-06
lr is 1.0000000000000002e-06
Train Loss: 0.0019 Train Acc: 0.8137

Epoch 81/100
--------------------
lr is 1.0000000000000002e-07
LR is set to 1.0000000000000002e-07
lr is 1.0000000000000002e-07
LR is set to 1.0000000000000002e-07
Train Loss: 0.0019 Train Acc: 0.8126

Epoch 82/100
--------------------
lr is 1.0000000000000002e-07
lr is 1.0000000000000002e-07
Train Loss: 0.0019 Train Acc: 0.8146

Epoch 83/100
--------------------
lr is 1.0000000000000002e-07
lr is 1.0000000000000002e-07
Train Loss: 0.0019 Train Acc: 0.8120

Epoch 84/100
--------------------
lr is 1.0000000000000002e-07
lr is 1.0000000000000002e-07
Train Loss: 0.0019 Train Acc: 0.8130

Epoch 85/100
--------------------
lr is 1.0000000000000002e-07
lr is 1.0000000000000002e-07
Train Loss: 0.0019 Train Acc: 0.8124

Epoch 86/100
--------------------
lr is 1.0000000000000002e-07
lr is 1.0000000000000002e-07
Train Loss: 0.0020 Train Acc: 0.8102

Epoch 87/100
--------------------
lr is 1.0000000000000002e-07
lr is 1.0000000000000002e-07
Train Loss: 0.0019 Train Acc: 0.8115

Epoch 88/100
--------------------
lr is 1.0000000000000002e-07
lr is 1.0000000000000002e-07
Train Loss: 0.0019 Train Acc: 0.8133

Epoch 89/100
--------------------
lr is 1.0000000000000002e-07
lr is 1.0000000000000002e-07
Train Loss: 0.0019 Train Acc: 0.8129

Epoch 90/100
--------------------
lr is 1.0000000000000002e-07
lr is 1.0000000000000002e-07
Train Loss: 0.0019 Train Acc: 0.8127

Epoch 91/100
--------------------
lr is 1.0000000000000002e-07
lr is 1.0000000000000002e-07
Train Loss: 0.0019 Train Acc: 0.8113

Epoch 92/100
--------------------
lr is 1.0000000000000002e-07
lr is 1.0000000000000002e-07
Train Loss: 0.0019 Train Acc: 0.8164

Epoch 93/100
--------------------
lr is 1.0000000000000002e-07
lr is 1.0000000000000002e-07
Train Loss: 0.0019 Train Acc: 0.8136

Epoch 94/100
--------------------
lr is 1.0000000000000002e-07
lr is 1.0000000000000002e-07
Train Loss: 0.0019 Train Acc: 0.8110

Epoch 95/100
--------------------
lr is 1.0000000000000002e-07
lr is 1.0000000000000002e-07
Train Loss: 0.0019 Train Acc: 0.8112

Epoch 96/100
--------------------
lr is 1.0000000000000002e-07
lr is 1.0000000000000002e-07
Train Loss: 0.0020 Train Acc: 0.8106

Epoch 97/100
--------------------
lr is 1.0000000000000002e-07
lr is 1.0000000000000002e-07
Train Loss: 0.0019 Train Acc: 0.8145

Epoch 98/100
--------------------
lr is 1.0000000000000002e-07
lr is 1.0000000000000002e-07
Train Loss: 0.0019 Train Acc: 0.8138

Epoch 99/100
--------------------
lr is 1.0000000000000002e-07
lr is 1.0000000000000002e-07
Train Loss: 0.0019 Train Acc: 0.8145

Epoch 100/100
--------------------
lr is 1.0000000000000002e-07
lr is 1.0000000000000002e-07
Train Loss: 0.0019 Train Acc: 0.8136

Updating the omega values for this task
Test Loss: 0.0012 Test Acc: 0.9064

Training the model on task 2
Epoch 1/100
--------------------
lr is 0.001
LR is set to 0.001
lr is 0.001
LR is set to 0.001
Train Loss: 0.0060 Train Acc: 0.4185

Epoch 2/100
--------------------
lr is 0.001
lr is 0.001
Train Loss: 0.0044 Train Acc: 0.5675

Epoch 3/100
--------------------
lr is 0.001
lr is 0.001
Train Loss: 0.0039 Train Acc: 0.6212

Epoch 4/100
--------------------
lr is 0.001
lr is 0.001
Train Loss: 0.0036 Train Acc: 0.6527

Epoch 5/100
--------------------
lr is 0.001
lr is 0.001
Train Loss: 0.0033 Train Acc: 0.6814

Epoch 6/100
--------------------
lr is 0.001
lr is 0.001
Train Loss: 0.0032 Train Acc: 0.6989

Epoch 7/100
--------------------
lr is 0.001
lr is 0.001
Train Loss: 0.0030 Train Acc: 0.7120

Epoch 8/100
--------------------
lr is 0.001
lr is 0.001
Train Loss: 0.0029 Train Acc: 0.7278

Epoch 9/100
--------------------
lr is 0.001
lr is 0.001
Train Loss: 0.0028 Train Acc: 0.7397

Epoch 10/100
--------------------
lr is 0.001
lr is 0.001
Train Loss: 0.0027 Train Acc: 0.7458

Epoch 11/100
--------------------
lr is 0.001
lr is 0.001
Train Loss: 0.0026 Train Acc: 0.7513

Epoch 12/100
--------------------
lr is 0.001
lr is 0.001
Train Loss: 0.0025 Train Acc: 0.7618

Epoch 13/100
--------------------
lr is 0.001
lr is 0.001
Train Loss: 0.0025 Train Acc: 0.7669

Epoch 14/100
--------------------
lr is 0.001
lr is 0.001
Train Loss: 0.0024 Train Acc: 0.7706

Epoch 15/100
--------------------
lr is 0.001
lr is 0.001
Train Loss: 0.0024 Train Acc: 0.7767

Epoch 16/100
--------------------
lr is 0.001
lr is 0.001
Train Loss: 0.0023 Train Acc: 0.7806

Epoch 17/100
--------------------
lr is 0.001
lr is 0.001
Train Loss: 0.0023 Train Acc: 0.7830

Epoch 18/100
--------------------
lr is 0.001
lr is 0.001
Train Loss: 0.0023 Train Acc: 0.7880

Epoch 19/100
--------------------
lr is 0.001
lr is 0.001
Train Loss: 0.0022 Train Acc: 0.7926

Epoch 20/100
--------------------
lr is 0.001
lr is 0.001
Train Loss: 0.0022 Train Acc: 0.7944

Epoch 21/100
--------------------
lr is 0.0001
LR is set to 0.0001
lr is 0.0001
LR is set to 0.0001
Train Loss: 0.0022 Train Acc: 0.8000

Epoch 22/100
--------------------
lr is 0.0001
lr is 0.0001
Train Loss: 0.0022 Train Acc: 0.7981

Epoch 23/100
--------------------
lr is 0.0001
lr is 0.0001
Train Loss: 0.0022 Train Acc: 0.7981

Epoch 24/100
--------------------
lr is 0.0001
lr is 0.0001
Train Loss: 0.0022 Train Acc: 0.7983

Epoch 25/100
--------------------
lr is 0.0001
lr is 0.0001
Train Loss: 0.0022 Train Acc: 0.7989

Epoch 26/100
--------------------
lr is 0.0001
lr is 0.0001
Train Loss: 0.0021 Train Acc: 0.8022

Epoch 27/100
--------------------
lr is 0.0001
lr is 0.0001
Train Loss: 0.0021 Train Acc: 0.7992

Epoch 28/100
--------------------
lr is 0.0001
lr is 0.0001
Train Loss: 0.0021 Train Acc: 0.7980

Epoch 29/100
--------------------
lr is 0.0001
lr is 0.0001
Train Loss: 0.0021 Train Acc: 0.7978

Epoch 30/100
--------------------
lr is 0.0001
lr is 0.0001
Train Loss: 0.0021 Train Acc: 0.8013

Epoch 31/100
--------------------
lr is 0.0001
lr is 0.0001
Train Loss: 0.0021 Train Acc: 0.8017

Epoch 32/100
--------------------
lr is 0.0001
lr is 0.0001
Train Loss: 0.0021 Train Acc: 0.8036

Epoch 33/100
--------------------
lr is 0.0001
lr is 0.0001
Train Loss: 0.0021 Train Acc: 0.8045

Epoch 34/100
--------------------
lr is 0.0001
lr is 0.0001
Train Loss: 0.0021 Train Acc: 0.7998

Epoch 35/100
--------------------
lr is 0.0001
lr is 0.0001
Train Loss: 0.0021 Train Acc: 0.8018

Epoch 36/100
--------------------
lr is 0.0001
lr is 0.0001
Train Loss: 0.0021 Train Acc: 0.8021

Epoch 37/100
--------------------
lr is 0.0001
lr is 0.0001
Train Loss: 0.0021 Train Acc: 0.8020

Epoch 38/100
--------------------
lr is 0.0001
lr is 0.0001
Train Loss: 0.0021 Train Acc: 0.8002

Epoch 39/100
--------------------
lr is 0.0001
lr is 0.0001
Train Loss: 0.0021 Train Acc: 0.8080

Epoch 40/100
--------------------
lr is 0.0001
lr is 0.0001
Train Loss: 0.0021 Train Acc: 0.8014

Epoch 41/100
--------------------
lr is 1.0000000000000003e-05
LR is set to 1.0000000000000003e-05
lr is 1.0000000000000003e-05
LR is set to 1.0000000000000003e-05
Train Loss: 0.0021 Train Acc: 0.8030

Epoch 42/100
--------------------
lr is 1.0000000000000003e-05
lr is 1.0000000000000003e-05
Train Loss: 0.0021 Train Acc: 0.8052

Epoch 43/100
--------------------
lr is 1.0000000000000003e-05
lr is 1.0000000000000003e-05
Train Loss: 0.0021 Train Acc: 0.8034

Epoch 44/100
--------------------
lr is 1.0000000000000003e-05
lr is 1.0000000000000003e-05
Train Loss: 0.0021 Train Acc: 0.8042

Epoch 45/100
--------------------
lr is 1.0000000000000003e-05
lr is 1.0000000000000003e-05
Train Loss: 0.0021 Train Acc: 0.8028

Epoch 46/100
--------------------
lr is 1.0000000000000003e-05
lr is 1.0000000000000003e-05
Train Loss: 0.0021 Train Acc: 0.8043

Epoch 47/100
--------------------
lr is 1.0000000000000003e-05
lr is 1.0000000000000003e-05
Train Loss: 0.0021 Train Acc: 0.8036

Epoch 48/100
--------------------
lr is 1.0000000000000003e-05
lr is 1.0000000000000003e-05
Train Loss: 0.0021 Train Acc: 0.8039

Epoch 49/100
--------------------
lr is 1.0000000000000003e-05
lr is 1.0000000000000003e-05
Train Loss: 0.0021 Train Acc: 0.8026

Epoch 50/100
--------------------
lr is 1.0000000000000003e-05
lr is 1.0000000000000003e-05
Train Loss: 0.0021 Train Acc: 0.8064

Epoch 51/100
--------------------
lr is 1.0000000000000003e-05
lr is 1.0000000000000003e-05
Train Loss: 0.0021 Train Acc: 0.8064

Epoch 52/100
--------------------
lr is 1.0000000000000003e-05
lr is 1.0000000000000003e-05
Train Loss: 0.0021 Train Acc: 0.8042

Epoch 53/100
--------------------
lr is 1.0000000000000003e-05
lr is 1.0000000000000003e-05
Train Loss: 0.0021 Train Acc: 0.8061

Epoch 54/100
--------------------
lr is 1.0000000000000003e-05
lr is 1.0000000000000003e-05
Train Loss: 0.0021 Train Acc: 0.8034

Epoch 55/100
--------------------
lr is 1.0000000000000003e-05
lr is 1.0000000000000003e-05
Train Loss: 0.0021 Train Acc: 0.8069

Epoch 56/100
--------------------
lr is 1.0000000000000003e-05
lr is 1.0000000000000003e-05
Train Loss: 0.0021 Train Acc: 0.8071

Epoch 57/100
--------------------
lr is 1.0000000000000003e-05
lr is 1.0000000000000003e-05
Train Loss: 0.0021 Train Acc: 0.8043

Epoch 58/100
--------------------
lr is 1.0000000000000003e-05
lr is 1.0000000000000003e-05
Train Loss: 0.0021 Train Acc: 0.8052

Epoch 59/100
--------------------
lr is 1.0000000000000003e-05
lr is 1.0000000000000003e-05
Train Loss: 0.0021 Train Acc: 0.8035

Epoch 60/100
--------------------
lr is 1.0000000000000003e-05
lr is 1.0000000000000003e-05
Train Loss: 0.0021 Train Acc: 0.8000

Epoch 61/100
--------------------
lr is 1.0000000000000002e-06
LR is set to 1.0000000000000002e-06
lr is 1.0000000000000002e-06
LR is set to 1.0000000000000002e-06
Train Loss: 0.0021 Train Acc: 0.8068

Epoch 62/100
--------------------
lr is 1.0000000000000002e-06
lr is 1.0000000000000002e-06
Train Loss: 0.0021 Train Acc: 0.8025

Epoch 63/100
--------------------
lr is 1.0000000000000002e-06
lr is 1.0000000000000002e-06
Train Loss: 0.0021 Train Acc: 0.8027

Epoch 64/100
--------------------
lr is 1.0000000000000002e-06
lr is 1.0000000000000002e-06
Train Loss: 0.0021 Train Acc: 0.8036

Epoch 65/100
--------------------
lr is 1.0000000000000002e-06
lr is 1.0000000000000002e-06
Train Loss: 0.0021 Train Acc: 0.8045

Epoch 66/100
--------------------
lr is 1.0000000000000002e-06
lr is 1.0000000000000002e-06
Train Loss: 0.0021 Train Acc: 0.8028

Epoch 67/100
--------------------
lr is 1.0000000000000002e-06
lr is 1.0000000000000002e-06
Train Loss: 0.0021 Train Acc: 0.8048

Epoch 68/100
--------------------
lr is 1.0000000000000002e-06
lr is 1.0000000000000002e-06
Train Loss: 0.0021 Train Acc: 0.8072

Epoch 69/100
--------------------
lr is 1.0000000000000002e-06
lr is 1.0000000000000002e-06
Train Loss: 0.0021 Train Acc: 0.8031

Epoch 70/100
--------------------
lr is 1.0000000000000002e-06
lr is 1.0000000000000002e-06
Train Loss: 0.0021 Train Acc: 0.8052

Epoch 71/100
--------------------
lr is 1.0000000000000002e-06
lr is 1.0000000000000002e-06
Train Loss: 0.0021 Train Acc: 0.8067

Epoch 72/100
--------------------
lr is 1.0000000000000002e-06
lr is 1.0000000000000002e-06
Train Loss: 0.0021 Train Acc: 0.8020

Epoch 73/100
--------------------
lr is 1.0000000000000002e-06
lr is 1.0000000000000002e-06
Train Loss: 0.0021 Train Acc: 0.8051

Epoch 74/100
--------------------
lr is 1.0000000000000002e-06
lr is 1.0000000000000002e-06
Train Loss: 0.0021 Train Acc: 0.8041

Epoch 75/100
--------------------
lr is 1.0000000000000002e-06
lr is 1.0000000000000002e-06
Train Loss: 0.0021 Train Acc: 0.8050

Epoch 76/100
--------------------
lr is 1.0000000000000002e-06
lr is 1.0000000000000002e-06
Train Loss: 0.0021 Train Acc: 0.8061

Epoch 77/100
--------------------
lr is 1.0000000000000002e-06
lr is 1.0000000000000002e-06
Train Loss: 0.0021 Train Acc: 0.8037

Epoch 78/100
--------------------
lr is 1.0000000000000002e-06
lr is 1.0000000000000002e-06
Train Loss: 0.0021 Train Acc: 0.8025

Epoch 79/100
--------------------
lr is 1.0000000000000002e-06
lr is 1.0000000000000002e-06
Train Loss: 0.0021 Train Acc: 0.8033

Epoch 80/100
--------------------
lr is 1.0000000000000002e-06
lr is 1.0000000000000002e-06
Train Loss: 0.0021 Train Acc: 0.8042

Epoch 81/100
--------------------
lr is 1.0000000000000002e-07
LR is set to 1.0000000000000002e-07
lr is 1.0000000000000002e-07
LR is set to 1.0000000000000002e-07
Train Loss: 0.0021 Train Acc: 0.8038

Epoch 82/100
--------------------
lr is 1.0000000000000002e-07
lr is 1.0000000000000002e-07
Train Loss: 0.0021 Train Acc: 0.8028

Epoch 83/100
--------------------
lr is 1.0000000000000002e-07
lr is 1.0000000000000002e-07
Train Loss: 0.0021 Train Acc: 0.8043

Epoch 84/100
--------------------
lr is 1.0000000000000002e-07
lr is 1.0000000000000002e-07
Train Loss: 0.0021 Train Acc: 0.8065

Epoch 85/100
--------------------
lr is 1.0000000000000002e-07
lr is 1.0000000000000002e-07
Train Loss: 0.0021 Train Acc: 0.8053

Epoch 86/100
--------------------
lr is 1.0000000000000002e-07
lr is 1.0000000000000002e-07
Train Loss: 0.0021 Train Acc: 0.7992

Epoch 87/100
--------------------
lr is 1.0000000000000002e-07
lr is 1.0000000000000002e-07
Train Loss: 0.0021 Train Acc: 0.8049

Epoch 88/100
--------------------
lr is 1.0000000000000002e-07
lr is 1.0000000000000002e-07
Train Loss: 0.0021 Train Acc: 0.8073

Epoch 89/100
--------------------
lr is 1.0000000000000002e-07
lr is 1.0000000000000002e-07
Train Loss: 0.0021 Train Acc: 0.8050

Epoch 90/100
--------------------
lr is 1.0000000000000002e-07
lr is 1.0000000000000002e-07
Train Loss: 0.0021 Train Acc: 0.8045

Epoch 91/100
--------------------
lr is 1.0000000000000002e-07
lr is 1.0000000000000002e-07
Train Loss: 0.0021 Train Acc: 0.8008

Epoch 92/100
--------------------
lr is 1.0000000000000002e-07
lr is 1.0000000000000002e-07
Train Loss: 0.0021 Train Acc: 0.8048

Epoch 93/100
--------------------
lr is 1.0000000000000002e-07
lr is 1.0000000000000002e-07
Train Loss: 0.0021 Train Acc: 0.8029

Epoch 94/100
--------------------
lr is 1.0000000000000002e-07
lr is 1.0000000000000002e-07
Train Loss: 0.0021 Train Acc: 0.8070

Epoch 95/100
--------------------
lr is 1.0000000000000002e-07
lr is 1.0000000000000002e-07
Train Loss: 0.0021 Train Acc: 0.8037

Epoch 96/100
--------------------
lr is 1.0000000000000002e-07
lr is 1.0000000000000002e-07
Train Loss: 0.0021 Train Acc: 0.8038

Epoch 97/100
--------------------
lr is 1.0000000000000002e-07
lr is 1.0000000000000002e-07
Train Loss: 0.0021 Train Acc: 0.8002

Epoch 98/100
--------------------
lr is 1.0000000000000002e-07
lr is 1.0000000000000002e-07
Train Loss: 0.0021 Train Acc: 0.8008

Epoch 99/100
--------------------
lr is 1.0000000000000002e-07
lr is 1.0000000000000002e-07
Train Loss: 0.0021 Train Acc: 0.8072

Epoch 100/100
--------------------
lr is 1.0000000000000002e-07
lr is 1.0000000000000002e-07
Train Loss: 0.0021 Train Acc: 0.8088

Updating the omega values for this task
Test Loss: 0.0019 Test Acc: 0.8513

Training the model on task 3
Epoch 1/100
--------------------
lr is 0.001
LR is set to 0.001
lr is 0.001
LR is set to 0.001
Train Loss: 0.0053 Train Acc: 0.6154

Epoch 2/100
--------------------
lr is 0.001
lr is 0.001
Train Loss: 0.0027 Train Acc: 0.7813

Epoch 3/100
--------------------
lr is 0.001
lr is 0.001
Train Loss: 0.0024 Train Acc: 0.8029

Epoch 4/100
--------------------
lr is 0.001
lr is 0.001
Train Loss: 0.0022 Train Acc: 0.8192

Epoch 5/100
--------------------
lr is 0.001
lr is 0.001
Train Loss: 0.0021 Train Acc: 0.8297

Epoch 6/100
--------------------
lr is 0.001
lr is 0.001
Train Loss: 0.0020 Train Acc: 0.8372

Epoch 7/100
--------------------
lr is 0.001
lr is 0.001
Train Loss: 0.0019 Train Acc: 0.8441

Epoch 8/100
--------------------
lr is 0.001
lr is 0.001
Train Loss: 0.0018 Train Acc: 0.8509

Epoch 9/100
--------------------
lr is 0.001
lr is 0.001
Train Loss: 0.0018 Train Acc: 0.8556

Epoch 10/100
--------------------
lr is 0.001
lr is 0.001
Train Loss: 0.0017 Train Acc: 0.8604

Epoch 11/100
--------------------
lr is 0.001
lr is 0.001
Train Loss: 0.0017 Train Acc: 0.8621

Epoch 12/100
--------------------
lr is 0.001
lr is 0.001
Train Loss: 0.0016 Train Acc: 0.8669

Epoch 13/100
--------------------
lr is 0.001
lr is 0.001
Train Loss: 0.0016 Train Acc: 0.8686

Epoch 14/100
--------------------
lr is 0.001
lr is 0.001
Train Loss: 0.0016 Train Acc: 0.8722

Epoch 15/100
--------------------
lr is 0.001
lr is 0.001
Train Loss: 0.0015 Train Acc: 0.8765

Epoch 16/100
--------------------
lr is 0.001
lr is 0.001
Train Loss: 0.0015 Train Acc: 0.8769

Epoch 17/100
--------------------
lr is 0.001
lr is 0.001
Train Loss: 0.0015 Train Acc: 0.8799

Epoch 18/100
--------------------
lr is 0.001
lr is 0.001
Train Loss: 0.0014 Train Acc: 0.8805

Epoch 19/100
--------------------
lr is 0.001
lr is 0.001
Train Loss: 0.0014 Train Acc: 0.8833

Epoch 20/100
--------------------
lr is 0.001
lr is 0.001
Train Loss: 0.0014 Train Acc: 0.8847

Epoch 21/100
--------------------
lr is 0.0001
LR is set to 0.0001
lr is 0.0001
LR is set to 0.0001
Train Loss: 0.0014 Train Acc: 0.8873

Epoch 22/100
--------------------
lr is 0.0001
lr is 0.0001
Train Loss: 0.0013 Train Acc: 0.8903

Epoch 23/100
--------------------
lr is 0.0001
lr is 0.0001
Train Loss: 0.0013 Train Acc: 0.8881

Epoch 24/100
--------------------
lr is 0.0001
lr is 0.0001
Train Loss: 0.0014 Train Acc: 0.8883

Epoch 25/100
--------------------
lr is 0.0001
lr is 0.0001
Train Loss: 0.0013 Train Acc: 0.8871

Epoch 26/100
--------------------
lr is 0.0001
lr is 0.0001
Train Loss: 0.0014 Train Acc: 0.8887

Epoch 27/100
--------------------
lr is 0.0001
lr is 0.0001
Train Loss: 0.0013 Train Acc: 0.8905

Epoch 28/100
--------------------
lr is 0.0001
lr is 0.0001
Train Loss: 0.0013 Train Acc: 0.8923

Epoch 29/100
--------------------
lr is 0.0001
lr is 0.0001
Train Loss: 0.0013 Train Acc: 0.8907

Epoch 30/100
--------------------
lr is 0.0001
lr is 0.0001
Train Loss: 0.0013 Train Acc: 0.8895

Epoch 31/100
--------------------
lr is 0.0001
lr is 0.0001
Train Loss: 0.0013 Train Acc: 0.8916

Epoch 32/100
--------------------
lr is 0.0001
lr is 0.0001
Train Loss: 0.0013 Train Acc: 0.8918

Epoch 33/100
--------------------
lr is 0.0001
lr is 0.0001
Train Loss: 0.0013 Train Acc: 0.8908

Epoch 34/100
--------------------
lr is 0.0001
lr is 0.0001
Train Loss: 0.0013 Train Acc: 0.8913

Epoch 35/100
--------------------
lr is 0.0001
lr is 0.0001
Train Loss: 0.0013 Train Acc: 0.8926

Epoch 36/100
--------------------
lr is 0.0001
lr is 0.0001
Train Loss: 0.0013 Train Acc: 0.8917

Epoch 37/100
--------------------
lr is 0.0001
lr is 0.0001
Train Loss: 0.0013 Train Acc: 0.8923

Epoch 38/100
--------------------
lr is 0.0001
lr is 0.0001
Train Loss: 0.0013 Train Acc: 0.8929

Epoch 39/100
--------------------
lr is 0.0001
lr is 0.0001
Train Loss: 0.0013 Train Acc: 0.8956

Epoch 40/100
--------------------
lr is 0.0001
lr is 0.0001
Train Loss: 0.0013 Train Acc: 0.8934

Epoch 41/100
--------------------
lr is 1.0000000000000003e-05
LR is set to 1.0000000000000003e-05
lr is 1.0000000000000003e-05
LR is set to 1.0000000000000003e-05
Train Loss: 0.0013 Train Acc: 0.8909

Epoch 42/100
--------------------
lr is 1.0000000000000003e-05
lr is 1.0000000000000003e-05
Train Loss: 0.0013 Train Acc: 0.8951

Epoch 43/100
--------------------
lr is 1.0000000000000003e-05
lr is 1.0000000000000003e-05
Train Loss: 0.0013 Train Acc: 0.8936

Epoch 44/100
--------------------
lr is 1.0000000000000003e-05
lr is 1.0000000000000003e-05
Train Loss: 0.0013 Train Acc: 0.8901

Epoch 45/100
--------------------
lr is 1.0000000000000003e-05
lr is 1.0000000000000003e-05
Train Loss: 0.0013 Train Acc: 0.8937

Epoch 46/100
--------------------
lr is 1.0000000000000003e-05
lr is 1.0000000000000003e-05
Train Loss: 0.0013 Train Acc: 0.8930

Epoch 47/100
--------------------
lr is 1.0000000000000003e-05
lr is 1.0000000000000003e-05
Train Loss: 0.0013 Train Acc: 0.8930

Epoch 48/100
--------------------
lr is 1.0000000000000003e-05
lr is 1.0000000000000003e-05
Train Loss: 0.0013 Train Acc: 0.8932

Epoch 49/100
--------------------
lr is 1.0000000000000003e-05
lr is 1.0000000000000003e-05
Train Loss: 0.0013 Train Acc: 0.8938

Epoch 50/100
--------------------
lr is 1.0000000000000003e-05
lr is 1.0000000000000003e-05
Train Loss: 0.0013 Train Acc: 0.8927

Epoch 51/100
--------------------
lr is 1.0000000000000003e-05
lr is 1.0000000000000003e-05
Train Loss: 0.0013 Train Acc: 0.8913

Epoch 52/100
--------------------
lr is 1.0000000000000003e-05
lr is 1.0000000000000003e-05
Train Loss: 0.0013 Train Acc: 0.8954

Epoch 53/100
--------------------
lr is 1.0000000000000003e-05
lr is 1.0000000000000003e-05
Train Loss: 0.0013 Train Acc: 0.8940

Epoch 54/100
--------------------
lr is 1.0000000000000003e-05
lr is 1.0000000000000003e-05
Train Loss: 0.0013 Train Acc: 0.8913

Epoch 55/100
--------------------
lr is 1.0000000000000003e-05
lr is 1.0000000000000003e-05
Train Loss: 0.0013 Train Acc: 0.8957

Epoch 56/100
--------------------
lr is 1.0000000000000003e-05
lr is 1.0000000000000003e-05
Train Loss: 0.0013 Train Acc: 0.8935

Epoch 57/100
--------------------
lr is 1.0000000000000003e-05
lr is 1.0000000000000003e-05
Train Loss: 0.0013 Train Acc: 0.8930

Epoch 58/100
--------------------
lr is 1.0000000000000003e-05
lr is 1.0000000000000003e-05
Train Loss: 0.0013 Train Acc: 0.8935

Epoch 59/100
--------------------
lr is 1.0000000000000003e-05
lr is 1.0000000000000003e-05
Train Loss: 0.0013 Train Acc: 0.8922

Epoch 60/100
--------------------
lr is 1.0000000000000003e-05
lr is 1.0000000000000003e-05
Train Loss: 0.0013 Train Acc: 0.8930

Epoch 61/100
--------------------
lr is 1.0000000000000002e-06
LR is set to 1.0000000000000002e-06
lr is 1.0000000000000002e-06
LR is set to 1.0000000000000002e-06
Train Loss: 0.0013 Train Acc: 0.8932

Epoch 62/100
--------------------
lr is 1.0000000000000002e-06
lr is 1.0000000000000002e-06
Train Loss: 0.0013 Train Acc: 0.8948

Epoch 63/100
--------------------
lr is 1.0000000000000002e-06
lr is 1.0000000000000002e-06
Train Loss: 0.0013 Train Acc: 0.8936

Epoch 64/100
--------------------
lr is 1.0000000000000002e-06
lr is 1.0000000000000002e-06
Train Loss: 0.0013 Train Acc: 0.8942

Epoch 65/100
--------------------
lr is 1.0000000000000002e-06
lr is 1.0000000000000002e-06
Train Loss: 0.0013 Train Acc: 0.8909

Epoch 66/100
--------------------
lr is 1.0000000000000002e-06
lr is 1.0000000000000002e-06
Train Loss: 0.0013 Train Acc: 0.8929

Epoch 67/100
--------------------
lr is 1.0000000000000002e-06
lr is 1.0000000000000002e-06
Train Loss: 0.0013 Train Acc: 0.8962

Epoch 68/100
--------------------
lr is 1.0000000000000002e-06
lr is 1.0000000000000002e-06
Train Loss: 0.0013 Train Acc: 0.8945

Epoch 69/100
--------------------
lr is 1.0000000000000002e-06
lr is 1.0000000000000002e-06
Train Loss: 0.0013 Train Acc: 0.8921

Epoch 70/100
--------------------
lr is 1.0000000000000002e-06
lr is 1.0000000000000002e-06
Train Loss: 0.0013 Train Acc: 0.8928

Epoch 71/100
--------------------
lr is 1.0000000000000002e-06
lr is 1.0000000000000002e-06
Train Loss: 0.0013 Train Acc: 0.8927

Epoch 72/100
--------------------
lr is 1.0000000000000002e-06
lr is 1.0000000000000002e-06
Train Loss: 0.0013 Train Acc: 0.8931

Epoch 73/100
--------------------
lr is 1.0000000000000002e-06
lr is 1.0000000000000002e-06
Train Loss: 0.0013 Train Acc: 0.8921

Epoch 74/100
--------------------
lr is 1.0000000000000002e-06
lr is 1.0000000000000002e-06
Train Loss: 0.0013 Train Acc: 0.8913

Epoch 75/100
--------------------
lr is 1.0000000000000002e-06
lr is 1.0000000000000002e-06
Train Loss: 0.0013 Train Acc: 0.8924

Epoch 76/100
--------------------
lr is 1.0000000000000002e-06
lr is 1.0000000000000002e-06
Train Loss: 0.0013 Train Acc: 0.8937

Epoch 77/100
--------------------
lr is 1.0000000000000002e-06
lr is 1.0000000000000002e-06
Train Loss: 0.0013 Train Acc: 0.8936

Epoch 78/100
--------------------
lr is 1.0000000000000002e-06
lr is 1.0000000000000002e-06
Train Loss: 0.0013 Train Acc: 0.8930

Epoch 79/100
--------------------
lr is 1.0000000000000002e-06
lr is 1.0000000000000002e-06
Train Loss: 0.0013 Train Acc: 0.8932

Epoch 80/100
--------------------
lr is 1.0000000000000002e-06
lr is 1.0000000000000002e-06
Train Loss: 0.0013 Train Acc: 0.8937

Epoch 81/100
--------------------
lr is 1.0000000000000002e-07
LR is set to 1.0000000000000002e-07
lr is 1.0000000000000002e-07
LR is set to 1.0000000000000002e-07
Train Loss: 0.0013 Train Acc: 0.8923

Epoch 82/100
--------------------
lr is 1.0000000000000002e-07
lr is 1.0000000000000002e-07
Train Loss: 0.0013 Train Acc: 0.8930

Epoch 83/100
--------------------
lr is 1.0000000000000002e-07
lr is 1.0000000000000002e-07
Train Loss: 0.0013 Train Acc: 0.8912

Epoch 84/100
--------------------
lr is 1.0000000000000002e-07
lr is 1.0000000000000002e-07
Train Loss: 0.0013 Train Acc: 0.8937

Epoch 85/100
--------------------
lr is 1.0000000000000002e-07
lr is 1.0000000000000002e-07
Train Loss: 0.0013 Train Acc: 0.8946

Epoch 86/100
--------------------
lr is 1.0000000000000002e-07
lr is 1.0000000000000002e-07
Train Loss: 0.0013 Train Acc: 0.8933

Epoch 87/100
--------------------
lr is 1.0000000000000002e-07
lr is 1.0000000000000002e-07
Train Loss: 0.0013 Train Acc: 0.8936

Epoch 88/100
--------------------
lr is 1.0000000000000002e-07
lr is 1.0000000000000002e-07
Train Loss: 0.0013 Train Acc: 0.8927

Epoch 89/100
--------------------
lr is 1.0000000000000002e-07
lr is 1.0000000000000002e-07
Train Loss: 0.0013 Train Acc: 0.8913

Epoch 90/100
--------------------
lr is 1.0000000000000002e-07
lr is 1.0000000000000002e-07
Train Loss: 0.0013 Train Acc: 0.8937

Epoch 91/100
--------------------
lr is 1.0000000000000002e-07
lr is 1.0000000000000002e-07
Train Loss: 0.0013 Train Acc: 0.8946

Epoch 92/100
--------------------
lr is 1.0000000000000002e-07
lr is 1.0000000000000002e-07
Train Loss: 0.0013 Train Acc: 0.8931

Epoch 93/100
--------------------
lr is 1.0000000000000002e-07
lr is 1.0000000000000002e-07
Train Loss: 0.0013 Train Acc: 0.8934

Epoch 94/100
--------------------
lr is 1.0000000000000002e-07
lr is 1.0000000000000002e-07
Train Loss: 0.0013 Train Acc: 0.8940

Epoch 95/100
--------------------
lr is 1.0000000000000002e-07
lr is 1.0000000000000002e-07
Train Loss: 0.0013 Train Acc: 0.8953

Epoch 96/100
--------------------
lr is 1.0000000000000002e-07
lr is 1.0000000000000002e-07
Train Loss: 0.0013 Train Acc: 0.8939

Epoch 97/100
--------------------
lr is 1.0000000000000002e-07
lr is 1.0000000000000002e-07
Train Loss: 0.0013 Train Acc: 0.8946

Epoch 98/100
--------------------
lr is 1.0000000000000002e-07
lr is 1.0000000000000002e-07
Train Loss: 0.0013 Train Acc: 0.8919

Epoch 99/100
--------------------
lr is 1.0000000000000002e-07
lr is 1.0000000000000002e-07
Train Loss: 0.0013 Train Acc: 0.8945

Epoch 100/100
--------------------
lr is 1.0000000000000002e-07
lr is 1.0000000000000002e-07
Train Loss: 0.0013 Train Acc: 0.8945

Updating the omega values for this task
Test Loss: 0.0010 Test Acc: 0.9336

Training the model on task 4
Epoch 1/100
--------------------
lr is 0.001
LR is set to 0.001
lr is 0.001
LR is set to 0.001
Train Loss: 0.0056 Train Acc: 0.5869

Epoch 2/100
--------------------
lr is 0.001
lr is 0.001
Train Loss: 0.0032 Train Acc: 0.7342

Epoch 3/100
--------------------
lr is 0.001
lr is 0.001
Train Loss: 0.0029 Train Acc: 0.7587

Epoch 4/100
--------------------
lr is 0.001
lr is 0.001
Train Loss: 0.0028 Train Acc: 0.7732

Epoch 5/100
--------------------
lr is 0.001
lr is 0.001
Train Loss: 0.0026 Train Acc: 0.7869

Epoch 6/100
--------------------
lr is 0.001
lr is 0.001
Train Loss: 0.0025 Train Acc: 0.7929

Epoch 7/100
--------------------
lr is 0.001
lr is 0.001
Train Loss: 0.0025 Train Acc: 0.7988

Epoch 8/100
--------------------
lr is 0.001
lr is 0.001
Train Loss: 0.0024 Train Acc: 0.8046

Epoch 9/100
--------------------
lr is 0.001
lr is 0.001
Train Loss: 0.0023 Train Acc: 0.8079

Epoch 10/100
--------------------
lr is 0.001
lr is 0.001
Train Loss: 0.0023 Train Acc: 0.8111

Epoch 11/100
--------------------
lr is 0.001
lr is 0.001
Train Loss: 0.0022 Train Acc: 0.8154

Epoch 12/100
--------------------
lr is 0.001
lr is 0.001
Train Loss: 0.0022 Train Acc: 0.8213

Epoch 13/100
--------------------
lr is 0.001
lr is 0.001
Train Loss: 0.0022 Train Acc: 0.8197

Epoch 14/100
--------------------
lr is 0.001
lr is 0.001
Train Loss: 0.0021 Train Acc: 0.8272

Epoch 15/100
--------------------
lr is 0.001
lr is 0.001
Train Loss: 0.0021 Train Acc: 0.8291

Epoch 16/100
--------------------
lr is 0.001
lr is 0.001
Train Loss: 0.0020 Train Acc: 0.8321

Epoch 17/100
--------------------
lr is 0.001
lr is 0.001
Train Loss: 0.0020 Train Acc: 0.8340

Epoch 18/100
--------------------
lr is 0.001
lr is 0.001
Train Loss: 0.0020 Train Acc: 0.8355

Epoch 19/100
--------------------
lr is 0.001
lr is 0.001
Train Loss: 0.0020 Train Acc: 0.8372

Epoch 20/100
--------------------
lr is 0.001
lr is 0.001
Train Loss: 0.0019 Train Acc: 0.8397

Epoch 21/100
--------------------
lr is 0.0001
LR is set to 0.0001
lr is 0.0001
LR is set to 0.0001
Train Loss: 0.0019 Train Acc: 0.8430

Epoch 22/100
--------------------
lr is 0.0001
lr is 0.0001
Train Loss: 0.0019 Train Acc: 0.8439

Epoch 23/100
--------------------
lr is 0.0001
lr is 0.0001
Train Loss: 0.0019 Train Acc: 0.8444

Epoch 24/100
--------------------
lr is 0.0001
lr is 0.0001
Train Loss: 0.0019 Train Acc: 0.8457

Epoch 25/100
--------------------
lr is 0.0001
lr is 0.0001
Train Loss: 0.0019 Train Acc: 0.8452

Epoch 26/100
--------------------
lr is 0.0001
lr is 0.0001
Train Loss: 0.0019 Train Acc: 0.8467

Epoch 27/100
--------------------
lr is 0.0001
lr is 0.0001
Train Loss: 0.0019 Train Acc: 0.8463

Epoch 28/100
--------------------
lr is 0.0001
lr is 0.0001
Train Loss: 0.0019 Train Acc: 0.8485

Epoch 29/100
--------------------
lr is 0.0001
lr is 0.0001
Train Loss: 0.0019 Train Acc: 0.8462

Epoch 30/100
--------------------
lr is 0.0001
lr is 0.0001
Train Loss: 0.0019 Train Acc: 0.8452

Epoch 31/100
--------------------
lr is 0.0001
lr is 0.0001
Train Loss: 0.0019 Train Acc: 0.8487

Epoch 32/100
--------------------
lr is 0.0001
lr is 0.0001
Train Loss: 0.0019 Train Acc: 0.8478

Epoch 33/100
--------------------
lr is 0.0001
lr is 0.0001
Train Loss: 0.0019 Train Acc: 0.8483

Epoch 34/100
--------------------
lr is 0.0001
lr is 0.0001
Train Loss: 0.0019 Train Acc: 0.8479

Epoch 35/100
--------------------
lr is 0.0001
lr is 0.0001
Train Loss: 0.0019 Train Acc: 0.8487

Epoch 36/100
--------------------
lr is 0.0001
lr is 0.0001
Train Loss: 0.0019 Train Acc: 0.8468

Epoch 37/100
--------------------
lr is 0.0001
lr is 0.0001
Train Loss: 0.0018 Train Acc: 0.8472

Epoch 38/100
--------------------
lr is 0.0001
lr is 0.0001
Train Loss: 0.0019 Train Acc: 0.8469

Epoch 39/100
--------------------
lr is 0.0001
lr is 0.0001
Train Loss: 0.0018 Train Acc: 0.8496

Epoch 40/100
--------------------
lr is 0.0001
lr is 0.0001
Train Loss: 0.0018 Train Acc: 0.8492

Epoch 41/100
--------------------
lr is 1.0000000000000003e-05
LR is set to 1.0000000000000003e-05
lr is 1.0000000000000003e-05
LR is set to 1.0000000000000003e-05
Train Loss: 0.0019 Train Acc: 0.8485

Epoch 42/100
--------------------
lr is 1.0000000000000003e-05
lr is 1.0000000000000003e-05
Train Loss: 0.0018 Train Acc: 0.8492

Epoch 43/100
--------------------
lr is 1.0000000000000003e-05
lr is 1.0000000000000003e-05
Train Loss: 0.0018 Train Acc: 0.8473

Epoch 44/100
--------------------
lr is 1.0000000000000003e-05
lr is 1.0000000000000003e-05
Train Loss: 0.0018 Train Acc: 0.8500

Epoch 45/100
--------------------
lr is 1.0000000000000003e-05
lr is 1.0000000000000003e-05
Train Loss: 0.0018 Train Acc: 0.8504

Epoch 46/100
--------------------
lr is 1.0000000000000003e-05
lr is 1.0000000000000003e-05
Train Loss: 0.0018 Train Acc: 0.8498

Epoch 47/100
--------------------
lr is 1.0000000000000003e-05
lr is 1.0000000000000003e-05
Train Loss: 0.0018 Train Acc: 0.8504

Epoch 48/100
--------------------
lr is 1.0000000000000003e-05
lr is 1.0000000000000003e-05
Train Loss: 0.0018 Train Acc: 0.8493

Epoch 49/100
--------------------
lr is 1.0000000000000003e-05
lr is 1.0000000000000003e-05
Train Loss: 0.0019 Train Acc: 0.8470

Epoch 50/100
--------------------
lr is 1.0000000000000003e-05
lr is 1.0000000000000003e-05
Train Loss: 0.0019 Train Acc: 0.8483

Epoch 51/100
--------------------
lr is 1.0000000000000003e-05
lr is 1.0000000000000003e-05
Train Loss: 0.0019 Train Acc: 0.8476

Epoch 52/100
--------------------
lr is 1.0000000000000003e-05
lr is 1.0000000000000003e-05
Train Loss: 0.0018 Train Acc: 0.8466

Epoch 53/100
--------------------
lr is 1.0000000000000003e-05
lr is 1.0000000000000003e-05
Train Loss: 0.0018 Train Acc: 0.8495

Epoch 54/100
--------------------
lr is 1.0000000000000003e-05
lr is 1.0000000000000003e-05
Train Loss: 0.0018 Train Acc: 0.8493

Epoch 55/100
--------------------
lr is 1.0000000000000003e-05
lr is 1.0000000000000003e-05
Train Loss: 0.0018 Train Acc: 0.8477

Epoch 56/100
--------------------
lr is 1.0000000000000003e-05
lr is 1.0000000000000003e-05
Train Loss: 0.0018 Train Acc: 0.8487

Epoch 57/100
--------------------
lr is 1.0000000000000003e-05
lr is 1.0000000000000003e-05
Train Loss: 0.0018 Train Acc: 0.8505

Epoch 58/100
--------------------
lr is 1.0000000000000003e-05
lr is 1.0000000000000003e-05
Train Loss: 0.0018 Train Acc: 0.8492

Epoch 59/100
--------------------
lr is 1.0000000000000003e-05
lr is 1.0000000000000003e-05
Train Loss: 0.0018 Train Acc: 0.8510

Epoch 60/100
--------------------
lr is 1.0000000000000003e-05
lr is 1.0000000000000003e-05
Train Loss: 0.0018 Train Acc: 0.8491

Epoch 61/100
--------------------
lr is 1.0000000000000002e-06
LR is set to 1.0000000000000002e-06
lr is 1.0000000000000002e-06
LR is set to 1.0000000000000002e-06
Train Loss: 0.0018 Train Acc: 0.8501

Epoch 62/100
--------------------
lr is 1.0000000000000002e-06
lr is 1.0000000000000002e-06
Train Loss: 0.0019 Train Acc: 0.8482

Epoch 63/100
--------------------
lr is 1.0000000000000002e-06
lr is 1.0000000000000002e-06
Train Loss: 0.0018 Train Acc: 0.8513

Epoch 64/100
--------------------
lr is 1.0000000000000002e-06
lr is 1.0000000000000002e-06
Train Loss: 0.0018 Train Acc: 0.8512

Epoch 65/100
--------------------
lr is 1.0000000000000002e-06
lr is 1.0000000000000002e-06
Train Loss: 0.0018 Train Acc: 0.8495

Epoch 66/100
--------------------
lr is 1.0000000000000002e-06
lr is 1.0000000000000002e-06
Train Loss: 0.0018 Train Acc: 0.8471

Epoch 67/100
--------------------
lr is 1.0000000000000002e-06
lr is 1.0000000000000002e-06
Train Loss: 0.0018 Train Acc: 0.8487

Epoch 68/100
--------------------
lr is 1.0000000000000002e-06
lr is 1.0000000000000002e-06
Train Loss: 0.0018 Train Acc: 0.8501

Epoch 69/100
--------------------
lr is 1.0000000000000002e-06
lr is 1.0000000000000002e-06
Train Loss: 0.0018 Train Acc: 0.8509

Epoch 70/100
--------------------
lr is 1.0000000000000002e-06
lr is 1.0000000000000002e-06
Train Loss: 0.0018 Train Acc: 0.8513

Epoch 71/100
--------------------
lr is 1.0000000000000002e-06
lr is 1.0000000000000002e-06
Train Loss: 0.0018 Train Acc: 0.8500

Epoch 72/100
--------------------
lr is 1.0000000000000002e-06
lr is 1.0000000000000002e-06
Train Loss: 0.0018 Train Acc: 0.8486

Epoch 73/100
--------------------
lr is 1.0000000000000002e-06
lr is 1.0000000000000002e-06
Train Loss: 0.0018 Train Acc: 0.8494

Epoch 74/100
--------------------
lr is 1.0000000000000002e-06
lr is 1.0000000000000002e-06
Train Loss: 0.0018 Train Acc: 0.8502

Epoch 75/100
--------------------
lr is 1.0000000000000002e-06
lr is 1.0000000000000002e-06
Train Loss: 0.0019 Train Acc: 0.8500

Epoch 76/100
--------------------
lr is 1.0000000000000002e-06
lr is 1.0000000000000002e-06
Train Loss: 0.0018 Train Acc: 0.8487

Epoch 77/100
--------------------
lr is 1.0000000000000002e-06
lr is 1.0000000000000002e-06
Train Loss: 0.0018 Train Acc: 0.8514

Epoch 78/100
--------------------
lr is 1.0000000000000002e-06
lr is 1.0000000000000002e-06
Train Loss: 0.0018 Train Acc: 0.8510

Epoch 79/100
--------------------
lr is 1.0000000000000002e-06
lr is 1.0000000000000002e-06
Train Loss: 0.0018 Train Acc: 0.8490

Epoch 80/100
--------------------
lr is 1.0000000000000002e-06
lr is 1.0000000000000002e-06
Train Loss: 0.0019 Train Acc: 0.8472

Epoch 81/100
--------------------
lr is 1.0000000000000002e-07
LR is set to 1.0000000000000002e-07
lr is 1.0000000000000002e-07
LR is set to 1.0000000000000002e-07
Train Loss: 0.0018 Train Acc: 0.8468

Epoch 82/100
--------------------
lr is 1.0000000000000002e-07
lr is 1.0000000000000002e-07
Train Loss: 0.0018 Train Acc: 0.8498

Epoch 83/100
--------------------
lr is 1.0000000000000002e-07
lr is 1.0000000000000002e-07
Train Loss: 0.0018 Train Acc: 0.8480

Epoch 84/100
--------------------
lr is 1.0000000000000002e-07
lr is 1.0000000000000002e-07
Train Loss: 0.0018 Train Acc: 0.8509

Epoch 85/100
--------------------
lr is 1.0000000000000002e-07
lr is 1.0000000000000002e-07
Train Loss: 0.0018 Train Acc: 0.8512

Epoch 86/100
--------------------
lr is 1.0000000000000002e-07
lr is 1.0000000000000002e-07
Train Loss: 0.0018 Train Acc: 0.8491

Epoch 87/100
--------------------
lr is 1.0000000000000002e-07
lr is 1.0000000000000002e-07
Train Loss: 0.0018 Train Acc: 0.8490

Epoch 88/100
--------------------
lr is 1.0000000000000002e-07
lr is 1.0000000000000002e-07
Train Loss: 0.0018 Train Acc: 0.8502

Epoch 89/100
--------------------
lr is 1.0000000000000002e-07
lr is 1.0000000000000002e-07
Train Loss: 0.0018 Train Acc: 0.8488

Epoch 90/100
--------------------
lr is 1.0000000000000002e-07
lr is 1.0000000000000002e-07
Train Loss: 0.0018 Train Acc: 0.8502

Epoch 91/100
--------------------
lr is 1.0000000000000002e-07
lr is 1.0000000000000002e-07
Train Loss: 0.0018 Train Acc: 0.8458

Epoch 92/100
--------------------
lr is 1.0000000000000002e-07
lr is 1.0000000000000002e-07
Train Loss: 0.0018 Train Acc: 0.8491

Epoch 93/100
--------------------
lr is 1.0000000000000002e-07
lr is 1.0000000000000002e-07
Train Loss: 0.0018 Train Acc: 0.8501

Epoch 94/100
--------------------
lr is 1.0000000000000002e-07
lr is 1.0000000000000002e-07
Train Loss: 0.0018 Train Acc: 0.8492

Epoch 95/100
--------------------
lr is 1.0000000000000002e-07
lr is 1.0000000000000002e-07
Train Loss: 0.0018 Train Acc: 0.8512

Epoch 96/100
--------------------
lr is 1.0000000000000002e-07
lr is 1.0000000000000002e-07
Train Loss: 0.0018 Train Acc: 0.8512

Epoch 97/100
--------------------
lr is 1.0000000000000002e-07
lr is 1.0000000000000002e-07
Train Loss: 0.0018 Train Acc: 0.8489

Epoch 98/100
--------------------
lr is 1.0000000000000002e-07
lr is 1.0000000000000002e-07
Train Loss: 0.0018 Train Acc: 0.8491

Epoch 99/100
--------------------
lr is 1.0000000000000002e-07
lr is 1.0000000000000002e-07
Train Loss: 0.0018 Train Acc: 0.8489

Epoch 100/100
--------------------
lr is 1.0000000000000002e-07
lr is 1.0000000000000002e-07
Train Loss: 0.0018 Train Acc: 0.8494

Updating the omega values for this task
Test Loss: 0.0015 Test Acc: 0.8838

Training the model on task 5
Epoch 1/100
--------------------
lr is 0.001
LR is set to 0.001
lr is 0.001
LR is set to 0.001
Train Loss: 0.0208 Train Acc: 0.0475

Epoch 2/100
--------------------
lr is 0.001
lr is 0.001
Train Loss: 0.0158 Train Acc: 0.2479

Epoch 3/100
--------------------
lr is 0.001
lr is 0.001
Train Loss: 0.0088 Train Acc: 0.5000

Epoch 4/100
--------------------
lr is 0.001
lr is 0.001
Train Loss: 0.0058 Train Acc: 0.6351

Epoch 5/100
--------------------
lr is 0.001
lr is 0.001
Train Loss: 0.0045 Train Acc: 0.7081

Epoch 6/100
--------------------
lr is 0.001
lr is 0.001
Train Loss: 0.0038 Train Acc: 0.7465

Epoch 7/100
--------------------
lr is 0.001
lr is 0.001
Train Loss: 0.0033 Train Acc: 0.7763

Epoch 8/100
--------------------
lr is 0.001
lr is 0.001
Train Loss: 0.0030 Train Acc: 0.7969

Epoch 9/100
--------------------
lr is 0.001
lr is 0.001
Train Loss: 0.0027 Train Acc: 0.8135

Epoch 10/100
--------------------
lr is 0.001
lr is 0.001
Train Loss: 0.0025 Train Acc: 0.8258

Epoch 11/100
--------------------
lr is 0.001
lr is 0.001
Train Loss: 0.0024 Train Acc: 0.8360

Epoch 12/100
--------------------
lr is 0.001
lr is 0.001
Train Loss: 0.0022 Train Acc: 0.8475

Epoch 13/100
--------------------
lr is 0.001
lr is 0.001
Train Loss: 0.0020 Train Acc: 0.8558

Epoch 14/100
--------------------
lr is 0.001
lr is 0.001
Train Loss: 0.0019 Train Acc: 0.8630

Epoch 15/100
--------------------
lr is 0.001
lr is 0.001
Train Loss: 0.0019 Train Acc: 0.8685

Epoch 16/100
--------------------
lr is 0.001
lr is 0.001
Train Loss: 0.0018 Train Acc: 0.8740

Epoch 17/100
--------------------
lr is 0.001
lr is 0.001
Train Loss: 0.0017 Train Acc: 0.8782

Epoch 18/100
--------------------
lr is 0.001
lr is 0.001
Train Loss: 0.0016 Train Acc: 0.8854

Epoch 19/100
--------------------
lr is 0.001
lr is 0.001
Train Loss: 0.0016 Train Acc: 0.8872

Epoch 20/100
--------------------
lr is 0.001
lr is 0.001
Train Loss: 0.0015 Train Acc: 0.8916

Epoch 21/100
--------------------
lr is 0.0001
LR is set to 0.0001
lr is 0.0001
LR is set to 0.0001
Train Loss: 0.0014 Train Acc: 0.9018

Epoch 22/100
--------------------
lr is 0.0001
lr is 0.0001
Train Loss: 0.0013 Train Acc: 0.9050

Epoch 23/100
--------------------
lr is 0.0001
lr is 0.0001
Train Loss: 0.0013 Train Acc: 0.9060

Epoch 24/100
--------------------
lr is 0.0001
lr is 0.0001
Train Loss: 0.0013 Train Acc: 0.9054

Epoch 25/100
--------------------
lr is 0.0001
lr is 0.0001
Train Loss: 0.0013 Train Acc: 0.9083

Epoch 26/100
--------------------
lr is 0.0001
lr is 0.0001
Train Loss: 0.0013 Train Acc: 0.9069

Epoch 27/100
--------------------
lr is 0.0001
lr is 0.0001
Train Loss: 0.0013 Train Acc: 0.9077

Epoch 28/100
--------------------
lr is 0.0001
lr is 0.0001
Train Loss: 0.0013 Train Acc: 0.9074

Epoch 29/100
--------------------
lr is 0.0001
lr is 0.0001
Train Loss: 0.0013 Train Acc: 0.9079

Epoch 30/100
--------------------
lr is 0.0001
lr is 0.0001
Train Loss: 0.0013 Train Acc: 0.9085

Epoch 31/100
--------------------
lr is 0.0001
lr is 0.0001
Train Loss: 0.0013 Train Acc: 0.9082

Epoch 32/100
--------------------
lr is 0.0001
lr is 0.0001
Train Loss: 0.0013 Train Acc: 0.9088

Epoch 33/100
--------------------
lr is 0.0001
lr is 0.0001
Train Loss: 0.0012 Train Acc: 0.9095

Epoch 34/100
--------------------
lr is 0.0001
lr is 0.0001
Train Loss: 0.0012 Train Acc: 0.9098

Epoch 35/100
--------------------
lr is 0.0001
lr is 0.0001
Train Loss: 0.0013 Train Acc: 0.9088

Epoch 36/100
--------------------
lr is 0.0001
lr is 0.0001
Train Loss: 0.0012 Train Acc: 0.9087

Epoch 37/100
--------------------
lr is 0.0001
lr is 0.0001
Train Loss: 0.0012 Train Acc: 0.9090

Epoch 38/100
--------------------
lr is 0.0001
lr is 0.0001
Train Loss: 0.0012 Train Acc: 0.9103

Epoch 39/100
--------------------
lr is 0.0001
lr is 0.0001
Train Loss: 0.0012 Train Acc: 0.9106

Epoch 40/100
--------------------
lr is 0.0001
lr is 0.0001
Train Loss: 0.0012 Train Acc: 0.9090

Epoch 41/100
--------------------
lr is 1.0000000000000003e-05
LR is set to 1.0000000000000003e-05
lr is 1.0000000000000003e-05
LR is set to 1.0000000000000003e-05
Train Loss: 0.0012 Train Acc: 0.9111

Epoch 42/100
--------------------
lr is 1.0000000000000003e-05
lr is 1.0000000000000003e-05
Train Loss: 0.0012 Train Acc: 0.9134

Epoch 43/100
--------------------
lr is 1.0000000000000003e-05
lr is 1.0000000000000003e-05
Train Loss: 0.0012 Train Acc: 0.9137

Epoch 44/100
--------------------
lr is 1.0000000000000003e-05
lr is 1.0000000000000003e-05
Train Loss: 0.0012 Train Acc: 0.9115

Epoch 45/100
--------------------
lr is 1.0000000000000003e-05
lr is 1.0000000000000003e-05
Train Loss: 0.0012 Train Acc: 0.9111

Epoch 46/100
--------------------
lr is 1.0000000000000003e-05
lr is 1.0000000000000003e-05
Train Loss: 0.0012 Train Acc: 0.9119

Epoch 47/100
--------------------
lr is 1.0000000000000003e-05
lr is 1.0000000000000003e-05
Train Loss: 0.0012 Train Acc: 0.9119

Epoch 48/100
--------------------
lr is 1.0000000000000003e-05
lr is 1.0000000000000003e-05
Train Loss: 0.0012 Train Acc: 0.9138

Epoch 49/100
--------------------
lr is 1.0000000000000003e-05
lr is 1.0000000000000003e-05
Train Loss: 0.0012 Train Acc: 0.9113

Epoch 50/100
--------------------
lr is 1.0000000000000003e-05
lr is 1.0000000000000003e-05
Train Loss: 0.0012 Train Acc: 0.9132

Epoch 51/100
--------------------
lr is 1.0000000000000003e-05
lr is 1.0000000000000003e-05
Train Loss: 0.0012 Train Acc: 0.9121

Epoch 52/100
--------------------
lr is 1.0000000000000003e-05
lr is 1.0000000000000003e-05
Train Loss: 0.0012 Train Acc: 0.9097

Epoch 53/100
--------------------
lr is 1.0000000000000003e-05
lr is 1.0000000000000003e-05
Train Loss: 0.0012 Train Acc: 0.9132

Epoch 54/100
--------------------
lr is 1.0000000000000003e-05
lr is 1.0000000000000003e-05
Train Loss: 0.0012 Train Acc: 0.9137

Epoch 55/100
--------------------
lr is 1.0000000000000003e-05
lr is 1.0000000000000003e-05
Train Loss: 0.0012 Train Acc: 0.9133

Epoch 56/100
--------------------
lr is 1.0000000000000003e-05
lr is 1.0000000000000003e-05
Train Loss: 0.0012 Train Acc: 0.9141

Epoch 57/100
--------------------
lr is 1.0000000000000003e-05
lr is 1.0000000000000003e-05
Train Loss: 0.0012 Train Acc: 0.9142

Epoch 58/100
--------------------
lr is 1.0000000000000003e-05
lr is 1.0000000000000003e-05
Train Loss: 0.0012 Train Acc: 0.9143

Epoch 59/100
--------------------
lr is 1.0000000000000003e-05
lr is 1.0000000000000003e-05
Train Loss: 0.0012 Train Acc: 0.9143

Epoch 60/100
--------------------
lr is 1.0000000000000003e-05
lr is 1.0000000000000003e-05
Train Loss: 0.0012 Train Acc: 0.9139

Epoch 61/100
--------------------
lr is 1.0000000000000002e-06
LR is set to 1.0000000000000002e-06
lr is 1.0000000000000002e-06
LR is set to 1.0000000000000002e-06
Train Loss: 0.0012 Train Acc: 0.9135

Epoch 62/100
--------------------
lr is 1.0000000000000002e-06
lr is 1.0000000000000002e-06
Train Loss: 0.0012 Train Acc: 0.9120

Epoch 63/100
--------------------
lr is 1.0000000000000002e-06
lr is 1.0000000000000002e-06
Train Loss: 0.0012 Train Acc: 0.9150

Epoch 64/100
--------------------
lr is 1.0000000000000002e-06
lr is 1.0000000000000002e-06
Train Loss: 0.0012 Train Acc: 0.9153

Epoch 65/100
--------------------
lr is 1.0000000000000002e-06
lr is 1.0000000000000002e-06
Train Loss: 0.0012 Train Acc: 0.9153

Epoch 66/100
--------------------
lr is 1.0000000000000002e-06
lr is 1.0000000000000002e-06
Train Loss: 0.0012 Train Acc: 0.9127

Epoch 67/100
--------------------
lr is 1.0000000000000002e-06
lr is 1.0000000000000002e-06
Train Loss: 0.0012 Train Acc: 0.9137

Epoch 68/100
--------------------
lr is 1.0000000000000002e-06
lr is 1.0000000000000002e-06
Train Loss: 0.0012 Train Acc: 0.9148

Epoch 69/100
--------------------
lr is 1.0000000000000002e-06
lr is 1.0000000000000002e-06
Train Loss: 0.0012 Train Acc: 0.9137

Epoch 70/100
--------------------
lr is 1.0000000000000002e-06
lr is 1.0000000000000002e-06
Train Loss: 0.0012 Train Acc: 0.9142

Epoch 71/100
--------------------
lr is 1.0000000000000002e-06
lr is 1.0000000000000002e-06
Train Loss: 0.0012 Train Acc: 0.9134

Epoch 72/100
--------------------
lr is 1.0000000000000002e-06
lr is 1.0000000000000002e-06
Train Loss: 0.0012 Train Acc: 0.9141

Epoch 73/100
--------------------
lr is 1.0000000000000002e-06
lr is 1.0000000000000002e-06
Train Loss: 0.0012 Train Acc: 0.9149

Epoch 74/100
--------------------
lr is 1.0000000000000002e-06
lr is 1.0000000000000002e-06
Train Loss: 0.0012 Train Acc: 0.9147

Epoch 75/100
--------------------
lr is 1.0000000000000002e-06
lr is 1.0000000000000002e-06
Train Loss: 0.0012 Train Acc: 0.9138

Epoch 76/100
--------------------
lr is 1.0000000000000002e-06
lr is 1.0000000000000002e-06
Train Loss: 0.0012 Train Acc: 0.9136

Epoch 77/100
--------------------
lr is 1.0000000000000002e-06
lr is 1.0000000000000002e-06
Train Loss: 0.0012 Train Acc: 0.9153

Epoch 78/100
--------------------
lr is 1.0000000000000002e-06
lr is 1.0000000000000002e-06
Train Loss: 0.0012 Train Acc: 0.9139

Epoch 79/100
--------------------
lr is 1.0000000000000002e-06
lr is 1.0000000000000002e-06
Train Loss: 0.0012 Train Acc: 0.9118

Epoch 80/100
--------------------
lr is 1.0000000000000002e-06
lr is 1.0000000000000002e-06
Train Loss: 0.0012 Train Acc: 0.9128

Epoch 81/100
--------------------
lr is 1.0000000000000002e-07
LR is set to 1.0000000000000002e-07
lr is 1.0000000000000002e-07
LR is set to 1.0000000000000002e-07
Train Loss: 0.0012 Train Acc: 0.9116

Epoch 82/100
--------------------
lr is 1.0000000000000002e-07
lr is 1.0000000000000002e-07
Train Loss: 0.0012 Train Acc: 0.9156

Epoch 83/100
--------------------
lr is 1.0000000000000002e-07
lr is 1.0000000000000002e-07
Train Loss: 0.0012 Train Acc: 0.9115

Epoch 84/100
--------------------
lr is 1.0000000000000002e-07
lr is 1.0000000000000002e-07
Train Loss: 0.0012 Train Acc: 0.9158

Epoch 85/100
--------------------
lr is 1.0000000000000002e-07
lr is 1.0000000000000002e-07
Train Loss: 0.0012 Train Acc: 0.9143

Epoch 86/100
--------------------
lr is 1.0000000000000002e-07
lr is 1.0000000000000002e-07
Train Loss: 0.0012 Train Acc: 0.9136

Epoch 87/100
--------------------
lr is 1.0000000000000002e-07
lr is 1.0000000000000002e-07
Train Loss: 0.0012 Train Acc: 0.9133

Epoch 88/100
--------------------
lr is 1.0000000000000002e-07
lr is 1.0000000000000002e-07
Train Loss: 0.0012 Train Acc: 0.9158

Epoch 89/100
--------------------
lr is 1.0000000000000002e-07
lr is 1.0000000000000002e-07
Train Loss: 0.0012 Train Acc: 0.9147

Epoch 90/100
--------------------
lr is 1.0000000000000002e-07
lr is 1.0000000000000002e-07
Train Loss: 0.0012 Train Acc: 0.9127

Epoch 91/100
--------------------
lr is 1.0000000000000002e-07
lr is 1.0000000000000002e-07
Train Loss: 0.0012 Train Acc: 0.9134

Epoch 92/100
--------------------
lr is 1.0000000000000002e-07
lr is 1.0000000000000002e-07
Train Loss: 0.0012 Train Acc: 0.9151

Epoch 93/100
--------------------
lr is 1.0000000000000002e-07
lr is 1.0000000000000002e-07
Train Loss: 0.0012 Train Acc: 0.9130

Epoch 94/100
--------------------
lr is 1.0000000000000002e-07
lr is 1.0000000000000002e-07
Train Loss: 0.0012 Train Acc: 0.9132

Epoch 95/100
--------------------
lr is 1.0000000000000002e-07
lr is 1.0000000000000002e-07
Train Loss: 0.0012 Train Acc: 0.9122

Epoch 96/100
--------------------
lr is 1.0000000000000002e-07
lr is 1.0000000000000002e-07
Train Loss: 0.0012 Train Acc: 0.9129

Epoch 97/100
--------------------
lr is 1.0000000000000002e-07
lr is 1.0000000000000002e-07
Train Loss: 0.0012 Train Acc: 0.9131

Epoch 98/100
--------------------
lr is 1.0000000000000002e-07
lr is 1.0000000000000002e-07
Train Loss: 0.0012 Train Acc: 0.9152

Epoch 99/100
--------------------
lr is 1.0000000000000002e-07
lr is 1.0000000000000002e-07
Train Loss: 0.0012 Train Acc: 0.9123

Epoch 100/100
--------------------
lr is 1.0000000000000002e-07
lr is 1.0000000000000002e-07
Train Loss: 0.0012 Train Acc: 0.9127

Updating the omega values for this task
Test Loss: 0.0007 Test Acc: 0.9577

The training process on the 5 tasks is completed
Testing the model now
Testing the model on task 1
The forgetting undergone on task 1 is -9.8113%
Testing the model on task 2
The forgetting undergone on task 2 is -10.1132%
Testing the model on task 3
The forgetting undergone on task 3 is -9.7358%
Testing the model on task 4
The forgetting undergone on task 4 is -15.1698%
Testing the model on task 5
The forgetting undergone on task 5 is 0.0000%


Matplotlib created a temporary config/cache directory at /tmp/matplotlib-59x7ri82 because the default path (/home/20/xuanming/.cache/matplotlib) is not a writable directory; it is highly recommended to set the MPLCONFIGDIR environment variable to a writable directory, in particular to speed up the import of Matplotlib and to better support multiprocessing.
Training the model on task 1
Initializing omega values for layer features.8.weight
Initializing omega values for layer features.8.bias
Initializing omega values for layer features.10.weight
Initializing omega values for layer features.10.bias
Initializing omega values for layer classifier.1.weight
Initializing omega values for layer classifier.1.bias
Initializing omega values for layer classifier.4.weight
Initializing omega values for layer classifier.4.bias
Epoch 1/40
--------------------
lr is 0.01
LR is set to 0.01
lr is 0.01
LR is set to 0.01
Train Loss: 0.0023 Train Acc: 0.4408

Epoch 2/40
--------------------
lr is 0.01
lr is 0.01
Train Loss: 0.0020 Train Acc: 0.5236

Epoch 3/40
--------------------
lr is 0.01
lr is 0.01
Train Loss: 0.0019 Train Acc: 0.5624

Epoch 4/40
--------------------
lr is 0.01
lr is 0.01
Train Loss: 0.0018 Train Acc: 0.5935

Epoch 5/40
--------------------
lr is 0.01
lr is 0.01
Train Loss: 0.0017 Train Acc: 0.6117

Epoch 6/40
--------------------
lr is 0.01
lr is 0.01
Train Loss: 0.0017 Train Acc: 0.6273

Epoch 7/40
--------------------
lr is 0.01
lr is 0.01
Train Loss: 0.0016 Train Acc: 0.6425

Epoch 8/40
--------------------
lr is 0.01
lr is 0.01
Train Loss: 0.0016 Train Acc: 0.6510

Epoch 9/40
--------------------
lr is 0.01
lr is 0.01
Train Loss: 0.0016 Train Acc: 0.6588

Epoch 10/40
--------------------
lr is 0.01
lr is 0.01
Train Loss: 0.0016 Train Acc: 0.6678

Epoch 11/40
--------------------
lr is 0.01
lr is 0.01
Train Loss: 0.0015 Train Acc: 0.6732

Epoch 12/40
--------------------
lr is 0.01
lr is 0.01
Train Loss: 0.0015 Train Acc: 0.6791

Epoch 13/40
--------------------
lr is 0.01
lr is 0.01
Train Loss: 0.0015 Train Acc: 0.6847

Epoch 14/40
--------------------
lr is 0.01
lr is 0.01
Train Loss: 0.0015 Train Acc: 0.6888

Epoch 15/40
--------------------
lr is 0.01
lr is 0.01
Train Loss: 0.0015 Train Acc: 0.6943

Epoch 16/40
--------------------
lr is 0.01
lr is 0.01
Train Loss: 0.0014 Train Acc: 0.6968

Epoch 17/40
--------------------
lr is 0.01
lr is 0.01
Train Loss: 0.0014 Train Acc: 0.7014

Epoch 18/40
--------------------
lr is 0.01
lr is 0.01
Train Loss: 0.0014 Train Acc: 0.7019

Epoch 19/40
--------------------
lr is 0.01
lr is 0.01
Train Loss: 0.0014 Train Acc: 0.7067

Epoch 20/40
--------------------
lr is 0.01
lr is 0.01
Train Loss: 0.0014 Train Acc: 0.7078

Epoch 21/40
--------------------
lr is 0.001
LR is set to 0.001
lr is 0.001
LR is set to 0.001
Train Loss: 0.0014 Train Acc: 0.7174

Epoch 22/40
--------------------
lr is 0.001
lr is 0.001
Train Loss: 0.0014 Train Acc: 0.7186

Epoch 23/40
--------------------
lr is 0.001
lr is 0.001
Train Loss: 0.0014 Train Acc: 0.7187

Epoch 24/40
--------------------
lr is 0.001
lr is 0.001
Train Loss: 0.0014 Train Acc: 0.7189

Epoch 25/40
--------------------
lr is 0.001
lr is 0.001
Train Loss: 0.0014 Train Acc: 0.7179

Epoch 26/40
--------------------
lr is 0.001
lr is 0.001
Train Loss: 0.0014 Train Acc: 0.7196

Epoch 27/40
--------------------
lr is 0.001
lr is 0.001
Train Loss: 0.0013 Train Acc: 0.7198

Epoch 28/40
--------------------
lr is 0.001
lr is 0.001
Train Loss: 0.0013 Train Acc: 0.7218

Epoch 29/40
--------------------
lr is 0.001
lr is 0.001
Train Loss: 0.0013 Train Acc: 0.7209

Epoch 30/40
--------------------
lr is 0.001
lr is 0.001
Train Loss: 0.0013 Train Acc: 0.7228

Epoch 31/40
--------------------
lr is 0.001
lr is 0.001
Train Loss: 0.0013 Train Acc: 0.7222

Epoch 32/40
--------------------
lr is 0.001
lr is 0.001
Train Loss: 0.0013 Train Acc: 0.7196

Epoch 33/40
--------------------
lr is 0.001
lr is 0.001
Train Loss: 0.0013 Train Acc: 0.7207

Epoch 34/40
--------------------
lr is 0.001
lr is 0.001
Train Loss: 0.0013 Train Acc: 0.7224

Epoch 35/40
--------------------
lr is 0.001
lr is 0.001
Train Loss: 0.0013 Train Acc: 0.7212

Epoch 36/40
--------------------
lr is 0.001
lr is 0.001
Train Loss: 0.0013 Train Acc: 0.7242

Epoch 37/40
--------------------
lr is 0.001
lr is 0.001
Train Loss: 0.0013 Train Acc: 0.7259

Epoch 38/40
--------------------
lr is 0.001
lr is 0.001
Train Loss: 0.0013 Train Acc: 0.7216

Epoch 39/40
--------------------
lr is 0.001
lr is 0.001
Train Loss: 0.0013 Train Acc: 0.7250

Epoch 40/40
--------------------
lr is 0.001
lr is 0.001
Train Loss: 0.0013 Train Acc: 0.7242

Updating the omega values for this task
Test Loss: 0.0013 Test Acc: 0.7409

Training the model on task 2
Epoch 1/40
--------------------
lr is 0.01
LR is set to 0.01
lr is 0.01
LR is set to 0.01
Train Loss: 0.0032 Train Acc: 0.3509

Epoch 2/40
--------------------
lr is 0.01
lr is 0.01
Train Loss: 0.0027 Train Acc: 0.4646

Epoch 3/40
--------------------
lr is 0.01
lr is 0.01
Train Loss: 0.0025 Train Acc: 0.4991

Epoch 4/40
--------------------
lr is 0.01
lr is 0.01
Train Loss: 0.0025 Train Acc: 0.5186

Epoch 5/40
--------------------
lr is 0.01
lr is 0.01
Train Loss: 0.0024 Train Acc: 0.5339

Epoch 6/40
--------------------
lr is 0.01
lr is 0.01
Train Loss: 0.0023 Train Acc: 0.5413

Epoch 7/40
--------------------
lr is 0.01
lr is 0.01
Train Loss: 0.0023 Train Acc: 0.5539

Epoch 8/40
--------------------
lr is 0.01
lr is 0.01
Train Loss: 0.0022 Train Acc: 0.5578

Epoch 9/40
--------------------
lr is 0.01
lr is 0.01
Train Loss: 0.0022 Train Acc: 0.5670

Epoch 10/40
--------------------
lr is 0.01
lr is 0.01
Train Loss: 0.0022 Train Acc: 0.5732

Epoch 11/40
--------------------
lr is 0.01
lr is 0.01
Train Loss: 0.0022 Train Acc: 0.5781

Epoch 12/40
--------------------
lr is 0.01
lr is 0.01
Train Loss: 0.0021 Train Acc: 0.5848

Epoch 13/40
--------------------
lr is 0.01
lr is 0.01
Train Loss: 0.0021 Train Acc: 0.5907

Epoch 14/40
--------------------
lr is 0.01
lr is 0.01
Train Loss: 0.0021 Train Acc: 0.5918

Epoch 15/40
--------------------
lr is 0.01
lr is 0.01
Train Loss: 0.0021 Train Acc: 0.6003

Epoch 16/40
--------------------
lr is 0.01
lr is 0.01
Train Loss: 0.0020 Train Acc: 0.6057

Epoch 17/40
--------------------
lr is 0.01
lr is 0.01
Train Loss: 0.0020 Train Acc: 0.6063

Epoch 18/40
--------------------
lr is 0.01
lr is 0.01
Train Loss: 0.0020 Train Acc: 0.6138

Epoch 19/40
--------------------
lr is 0.01
lr is 0.01
Train Loss: 0.0020 Train Acc: 0.6177

Epoch 20/40
--------------------
lr is 0.01
lr is 0.01
Train Loss: 0.0020 Train Acc: 0.6205

Epoch 21/40
--------------------
lr is 0.001
LR is set to 0.001
lr is 0.001
LR is set to 0.001
Train Loss: 0.0019 Train Acc: 0.6254

Epoch 22/40
--------------------
lr is 0.001
lr is 0.001
Train Loss: 0.0019 Train Acc: 0.6286

Epoch 23/40
--------------------
lr is 0.001
lr is 0.001
Train Loss: 0.0019 Train Acc: 0.6310

Epoch 24/40
--------------------
lr is 0.001
lr is 0.001
Train Loss: 0.0019 Train Acc: 0.6280

Epoch 25/40
--------------------
lr is 0.001
lr is 0.001
Train Loss: 0.0019 Train Acc: 0.6327

Epoch 26/40
--------------------
lr is 0.001
lr is 0.001
Train Loss: 0.0019 Train Acc: 0.6325

Epoch 27/40
--------------------
lr is 0.001
lr is 0.001
Train Loss: 0.0019 Train Acc: 0.6322

Epoch 28/40
--------------------
lr is 0.001
lr is 0.001
Train Loss: 0.0019 Train Acc: 0.6337

Epoch 29/40
--------------------
lr is 0.001
lr is 0.001
Train Loss: 0.0019 Train Acc: 0.6336

Epoch 30/40
--------------------
lr is 0.001
lr is 0.001
Train Loss: 0.0019 Train Acc: 0.6333

Epoch 31/40
--------------------
lr is 0.001
lr is 0.001
Train Loss: 0.0019 Train Acc: 0.6339

Epoch 32/40
--------------------
lr is 0.001
lr is 0.001
Train Loss: 0.0019 Train Acc: 0.6357

Epoch 33/40
--------------------
lr is 0.001
lr is 0.001
Train Loss: 0.0019 Train Acc: 0.6352

Epoch 34/40
--------------------
lr is 0.001
lr is 0.001
Train Loss: 0.0019 Train Acc: 0.6355

Epoch 35/40
--------------------
lr is 0.001
lr is 0.001
Train Loss: 0.0019 Train Acc: 0.6372

Epoch 36/40
--------------------
lr is 0.001
lr is 0.001
Train Loss: 0.0019 Train Acc: 0.6380

Epoch 37/40
--------------------
lr is 0.001
lr is 0.001
Train Loss: 0.0019 Train Acc: 0.6399

Epoch 38/40
--------------------
lr is 0.001
lr is 0.001
Train Loss: 0.0019 Train Acc: 0.6400

Epoch 39/40
--------------------
lr is 0.001
lr is 0.001
Train Loss: 0.0019 Train Acc: 0.6387

Epoch 40/40
--------------------
lr is 0.001
lr is 0.001
Train Loss: 0.0019 Train Acc: 0.6410

Updating the omega values for this task
Test Loss: 0.0019 Test Acc: 0.6443

Training the model on task 3
Epoch 1/40
--------------------
lr is 0.01
LR is set to 0.01
lr is 0.01
LR is set to 0.01
Train Loss: 0.0031 Train Acc: 0.5177

Epoch 2/40
--------------------
lr is 0.01
lr is 0.01
Train Loss: 0.0026 Train Acc: 0.5879

Epoch 3/40
--------------------
lr is 0.01
lr is 0.01
Train Loss: 0.0025 Train Acc: 0.6042

Epoch 4/40
--------------------
lr is 0.01
lr is 0.01
Train Loss: 0.0024 Train Acc: 0.6123

Epoch 5/40
--------------------
lr is 0.01
lr is 0.01
Train Loss: 0.0024 Train Acc: 0.6226

Epoch 6/40
--------------------
lr is 0.01
lr is 0.01
Train Loss: 0.0022 Train Acc: 0.6375

Epoch 7/40
--------------------
lr is 0.01
lr is 0.01
Train Loss: 0.0021 Train Acc: 0.6587

Epoch 8/40
--------------------
lr is 0.01
lr is 0.01
Train Loss: 0.0019 Train Acc: 0.6826

Epoch 9/40
--------------------
lr is 0.01
lr is 0.01
Train Loss: 0.0018 Train Acc: 0.7007

Epoch 10/40
--------------------
lr is 0.01
lr is 0.01
Train Loss: 0.0017 Train Acc: 0.7127

Epoch 11/40
--------------------
lr is 0.01
lr is 0.01
Train Loss: 0.0017 Train Acc: 0.7226

Epoch 12/40
--------------------
lr is 0.01
lr is 0.01
Train Loss: 0.0016 Train Acc: 0.7302

Epoch 13/40
--------------------
lr is 0.01
lr is 0.01
Train Loss: 0.0016 Train Acc: 0.7365

Epoch 14/40
--------------------
lr is 0.01
lr is 0.01
Train Loss: 0.0015 Train Acc: 0.7432

Epoch 15/40
--------------------
lr is 0.01
lr is 0.01
Train Loss: 0.0015 Train Acc: 0.7489

Epoch 16/40
--------------------
lr is 0.01
lr is 0.01
Train Loss: 0.0015 Train Acc: 0.7519

Epoch 17/40
--------------------
lr is 0.01
lr is 0.01
Train Loss: 0.0014 Train Acc: 0.7584

Epoch 18/40
--------------------
lr is 0.01
lr is 0.01
Train Loss: 0.0014 Train Acc: 0.7606

Epoch 19/40
--------------------
lr is 0.01
lr is 0.01
Train Loss: 0.0014 Train Acc: 0.7655

Epoch 20/40
--------------------
lr is 0.01
lr is 0.01
Train Loss: 0.0014 Train Acc: 0.7682

Epoch 21/40
--------------------
lr is 0.001
LR is set to 0.001
lr is 0.001
LR is set to 0.001
Train Loss: 0.0013 Train Acc: 0.7796

Epoch 22/40
--------------------
lr is 0.001
lr is 0.001
Train Loss: 0.0013 Train Acc: 0.7820

Epoch 23/40
--------------------
lr is 0.001
lr is 0.001
Train Loss: 0.0013 Train Acc: 0.7832

Epoch 24/40
--------------------
lr is 0.001
lr is 0.001
Train Loss: 0.0013 Train Acc: 0.7842

Epoch 25/40
--------------------
lr is 0.001
lr is 0.001
Train Loss: 0.0013 Train Acc: 0.7857

Epoch 26/40
--------------------
lr is 0.001
lr is 0.001
Train Loss: 0.0013 Train Acc: 0.7870

Epoch 27/40
--------------------
lr is 0.001
lr is 0.001
Train Loss: 0.0013 Train Acc: 0.7879

Epoch 28/40
--------------------
lr is 0.001
lr is 0.001
Train Loss: 0.0013 Train Acc: 0.7877

Epoch 29/40
--------------------
lr is 0.001
lr is 0.001
Train Loss: 0.0012 Train Acc: 0.7895

Epoch 30/40
--------------------
lr is 0.001
lr is 0.001
Train Loss: 0.0012 Train Acc: 0.7884

Epoch 31/40
--------------------
lr is 0.001
lr is 0.001
Train Loss: 0.0013 Train Acc: 0.7874

Epoch 32/40
--------------------
lr is 0.001
lr is 0.001
Train Loss: 0.0012 Train Acc: 0.7896

Epoch 33/40
--------------------
lr is 0.001
lr is 0.001
Train Loss: 0.0012 Train Acc: 0.7885

Epoch 34/40
--------------------
lr is 0.001
lr is 0.001
Train Loss: 0.0012 Train Acc: 0.7896

Epoch 35/40
--------------------
lr is 0.001
lr is 0.001
Train Loss: 0.0012 Train Acc: 0.7911

Epoch 36/40
--------------------
lr is 0.001
lr is 0.001
Train Loss: 0.0012 Train Acc: 0.7921

Epoch 37/40
--------------------
lr is 0.001
lr is 0.001
Train Loss: 0.0012 Train Acc: 0.7916

Epoch 38/40
--------------------
lr is 0.001
lr is 0.001
Train Loss: 0.0012 Train Acc: 0.7918

Epoch 39/40
--------------------
lr is 0.001
lr is 0.001
Train Loss: 0.0012 Train Acc: 0.7931

Epoch 40/40
--------------------
lr is 0.001
lr is 0.001
Train Loss: 0.0012 Train Acc: 0.7930

Updating the omega values for this task
Test Loss: 0.0012 Test Acc: 0.8029

Training the model on task 4
Epoch 1/40
--------------------
lr is 0.01
LR is set to 0.01
lr is 0.01
LR is set to 0.01
Train Loss: 0.0031 Train Acc: 0.5268

Epoch 2/40
--------------------
lr is 0.01
lr is 0.01
Train Loss: 0.0025 Train Acc: 0.6102

Epoch 3/40
--------------------
lr is 0.01
lr is 0.01
Train Loss: 0.0022 Train Acc: 0.6522

Epoch 4/40
--------------------
lr is 0.01
lr is 0.01
Train Loss: 0.0020 Train Acc: 0.6743

Epoch 5/40
--------------------
lr is 0.01
lr is 0.01
Train Loss: 0.0019 Train Acc: 0.6868

Epoch 6/40
--------------------
lr is 0.01
lr is 0.01
Train Loss: 0.0019 Train Acc: 0.6976

Epoch 7/40
--------------------
lr is 0.01
lr is 0.01
Train Loss: 0.0018 Train Acc: 0.7009

Epoch 8/40
--------------------
lr is 0.01
lr is 0.01
Train Loss: 0.0018 Train Acc: 0.7070

Epoch 9/40
--------------------
lr is 0.01
lr is 0.01
Train Loss: 0.0018 Train Acc: 0.7097

Epoch 10/40
--------------------
lr is 0.01
lr is 0.01
Train Loss: 0.0017 Train Acc: 0.7157

Epoch 11/40
--------------------
lr is 0.01
lr is 0.01
Train Loss: 0.0017 Train Acc: 0.7172

Epoch 12/40
--------------------
lr is 0.01
lr is 0.01
Train Loss: 0.0017 Train Acc: 0.7205

Epoch 13/40
--------------------
lr is 0.01
lr is 0.01
Train Loss: 0.0017 Train Acc: 0.7230

Epoch 14/40
--------------------
lr is 0.01
lr is 0.01
Train Loss: 0.0017 Train Acc: 0.7250

Epoch 15/40
--------------------
lr is 0.01
lr is 0.01
Train Loss: 0.0016 Train Acc: 0.7269

Epoch 16/40
--------------------
lr is 0.01
lr is 0.01
Train Loss: 0.0016 Train Acc: 0.7305

Epoch 17/40
--------------------
lr is 0.01
lr is 0.01
Train Loss: 0.0016 Train Acc: 0.7339

Epoch 18/40
--------------------
lr is 0.01
lr is 0.01
Train Loss: 0.0016 Train Acc: 0.7352

Epoch 19/40
--------------------
lr is 0.01
lr is 0.01
Train Loss: 0.0016 Train Acc: 0.7378

Epoch 20/40
--------------------
lr is 0.01
lr is 0.01
Train Loss: 0.0016 Train Acc: 0.7399

Epoch 21/40
--------------------
lr is 0.001
LR is set to 0.001
lr is 0.001
LR is set to 0.001
Train Loss: 0.0015 Train Acc: 0.7468

Epoch 22/40
--------------------
lr is 0.001
lr is 0.001
Train Loss: 0.0015 Train Acc: 0.7524

Epoch 23/40
--------------------
lr is 0.001
lr is 0.001
Train Loss: 0.0015 Train Acc: 0.7525

Epoch 24/40
--------------------
lr is 0.001
lr is 0.001
Train Loss: 0.0015 Train Acc: 0.7538

Epoch 25/40
--------------------
lr is 0.001
lr is 0.001
Train Loss: 0.0015 Train Acc: 0.7551

Epoch 26/40
--------------------
lr is 0.001
lr is 0.001
Train Loss: 0.0015 Train Acc: 0.7537

Epoch 27/40
--------------------
lr is 0.001
lr is 0.001
Train Loss: 0.0015 Train Acc: 0.7554

Epoch 28/40
--------------------
lr is 0.001
lr is 0.001
Train Loss: 0.0015 Train Acc: 0.7541

Epoch 29/40
--------------------
lr is 0.001
lr is 0.001
Train Loss: 0.0015 Train Acc: 0.7552

Epoch 30/40
--------------------
lr is 0.001
lr is 0.001
Train Loss: 0.0015 Train Acc: 0.7550

Epoch 31/40
--------------------
lr is 0.001
lr is 0.001
Train Loss: 0.0015 Train Acc: 0.7567

Epoch 32/40
--------------------
lr is 0.001
lr is 0.001
Train Loss: 0.0015 Train Acc: 0.7569

Epoch 33/40
--------------------
lr is 0.001
lr is 0.001
Train Loss: 0.0015 Train Acc: 0.7562

Epoch 34/40
--------------------
lr is 0.001
lr is 0.001
Train Loss: 0.0015 Train Acc: 0.7574

Epoch 35/40
--------------------
lr is 0.001
lr is 0.001
Train Loss: 0.0015 Train Acc: 0.7574

Epoch 36/40
--------------------
lr is 0.001
lr is 0.001
Train Loss: 0.0015 Train Acc: 0.7579

Epoch 37/40
--------------------
lr is 0.001
lr is 0.001
Train Loss: 0.0015 Train Acc: 0.7585

Epoch 38/40
--------------------
lr is 0.001
lr is 0.001
Train Loss: 0.0015 Train Acc: 0.7580

Epoch 39/40
--------------------
lr is 0.001
lr is 0.001
Train Loss: 0.0015 Train Acc: 0.7584

Epoch 40/40
--------------------
lr is 0.001
lr is 0.001
Train Loss: 0.0014 Train Acc: 0.7588

Updating the omega values for this task
Test Loss: 0.0014 Test Acc: 0.7701

Training the model on task 5
Epoch 1/40
--------------------
lr is 0.01
LR is set to 0.01
lr is 0.01
LR is set to 0.01
Train Loss: 0.0058 Train Acc: 0.2822

Epoch 2/40
--------------------
lr is 0.01
lr is 0.01
Train Loss: 0.0028 Train Acc: 0.6108

Epoch 3/40
--------------------
lr is 0.01
lr is 0.01
Train Loss: 0.0022 Train Acc: 0.6913

Epoch 4/40
--------------------
lr is 0.01
lr is 0.01
Train Loss: 0.0019 Train Acc: 0.7287

Epoch 5/40
--------------------
lr is 0.01
lr is 0.01
Train Loss: 0.0017 Train Acc: 0.7525

Epoch 6/40
--------------------
lr is 0.01
lr is 0.01
Train Loss: 0.0016 Train Acc: 0.7698

Epoch 7/40
--------------------
lr is 0.01
lr is 0.01
Train Loss: 0.0014 Train Acc: 0.7850

Epoch 8/40
--------------------
lr is 0.01
lr is 0.01
Train Loss: 0.0014 Train Acc: 0.7965

Epoch 9/40
--------------------
lr is 0.01
lr is 0.01
Train Loss: 0.0013 Train Acc: 0.8054

Epoch 10/40
--------------------
lr is 0.01
lr is 0.01
Train Loss: 0.0012 Train Acc: 0.8146

Epoch 11/40
--------------------
lr is 0.01
lr is 0.01
Train Loss: 0.0012 Train Acc: 0.8230

Epoch 12/40
--------------------
lr is 0.01
lr is 0.01
Train Loss: 0.0011 Train Acc: 0.8319

Epoch 13/40
--------------------
lr is 0.01
lr is 0.01
Train Loss: 0.0010 Train Acc: 0.8392

Epoch 14/40
--------------------
lr is 0.01
lr is 0.01
Train Loss: 0.0010 Train Acc: 0.8452

Epoch 15/40
--------------------
lr is 0.01
lr is 0.01
Train Loss: 0.0010 Train Acc: 0.8503

Epoch 16/40
--------------------
lr is 0.01
lr is 0.01
Train Loss: 0.0009 Train Acc: 0.8572

Epoch 17/40
--------------------
lr is 0.01
lr is 0.01
Train Loss: 0.0009 Train Acc: 0.8619

Epoch 18/40
--------------------
lr is 0.01
lr is 0.01
Train Loss: 0.0008 Train Acc: 0.8676

Epoch 19/40
--------------------
lr is 0.01
lr is 0.01
Train Loss: 0.0008 Train Acc: 0.8723

Epoch 20/40
--------------------
lr is 0.01
lr is 0.01
Train Loss: 0.0008 Train Acc: 0.8781

Epoch 21/40
--------------------
lr is 0.001
LR is set to 0.001
lr is 0.001
LR is set to 0.001
Train Loss: 0.0006 Train Acc: 0.8988

Epoch 22/40
--------------------
lr is 0.001
lr is 0.001
Train Loss: 0.0006 Train Acc: 0.9009

Epoch 23/40
--------------------
lr is 0.001
lr is 0.001
Train Loss: 0.0006 Train Acc: 0.9026

Epoch 24/40
--------------------
lr is 0.001
lr is 0.001
Train Loss: 0.0006 Train Acc: 0.9039

Epoch 25/40
--------------------
lr is 0.001
lr is 0.001
Train Loss: 0.0006 Train Acc: 0.9039

Epoch 26/40
--------------------
lr is 0.001
lr is 0.001
Train Loss: 0.0006 Train Acc: 0.9045

Epoch 27/40
--------------------
lr is 0.001
lr is 0.001
Train Loss: 0.0006 Train Acc: 0.9059

Epoch 28/40
--------------------
lr is 0.001
lr is 0.001
Train Loss: 0.0006 Train Acc: 0.9050

Epoch 29/40
--------------------
lr is 0.001
lr is 0.001
Train Loss: 0.0006 Train Acc: 0.9058

Epoch 30/40
--------------------
lr is 0.001
lr is 0.001
Train Loss: 0.0006 Train Acc: 0.9071

Epoch 31/40
--------------------
lr is 0.001
lr is 0.001
Train Loss: 0.0006 Train Acc: 0.9084

Epoch 32/40
--------------------
lr is 0.001
lr is 0.001
Train Loss: 0.0006 Train Acc: 0.9072

Epoch 33/40
--------------------
lr is 0.001
lr is 0.001
Train Loss: 0.0006 Train Acc: 0.9080

Epoch 34/40
--------------------
lr is 0.001
lr is 0.001
Train Loss: 0.0006 Train Acc: 0.9100

Epoch 35/40
--------------------
lr is 0.001
lr is 0.001
Train Loss: 0.0006 Train Acc: 0.9104

Epoch 36/40
--------------------
lr is 0.001
lr is 0.001
Train Loss: 0.0006 Train Acc: 0.9105

Epoch 37/40
--------------------
lr is 0.001
lr is 0.001
Train Loss: 0.0005 Train Acc: 0.9118

Epoch 38/40
--------------------
lr is 0.001
lr is 0.001
Train Loss: 0.0005 Train Acc: 0.9130

Epoch 39/40
--------------------
lr is 0.001
lr is 0.001
Train Loss: 0.0005 Train Acc: 0.9127

Epoch 40/40
--------------------
lr is 0.001
lr is 0.001
Train Loss: 0.0005 Train Acc: 0.9130

Updating the omega values for this task
Test Loss: 0.0014 Test Acc: 0.8105

The training process on the 5 tasks is completed
Testing the model now
Testing the model on task 1
The forgetting undergone on task 1 is -26.3800%
Testing the model on task 2
The forgetting undergone on task 2 is -24.4900%
Testing the model on task 3
The forgetting undergone on task 3 is -38.2600%
Testing the model on task 4
The forgetting undergone on task 4 is -41.2900%
Testing the model on task 5
The forgetting undergone on task 5 is 0.0000%
